This is pdfTeX, Version 3.141592653-2.6-1.40.26 (TeX Live 2025/dev/Debian) (preloaded format=pdflatex 2025.12.10)  26 APR 2026 12:20
entering extended mode
 restricted \write18 enabled.
 %&-line parsing enabled.
**CV.tex
(./CV.tex
LaTeX2e <2024-11-01> patch level 2
L3 programming layer <2025-01-18>
(./tex/moderncv/moderncv.cls

LaTeX Warning: You have requested document class `tex/moderncv/moderncv',
               but the document class provides `moderncv'.

Document Class: moderncv 2024-07-18 v2.4.1 modern curriculum vitae and letter d
ocument class
(/usr/share/texlive/texmf-dist/tex/latex/base/size11.clo
File: size11.clo 2024/06/29 v1.4n Standard LaTeX file (size option)
) (/usr/share/texlive/texmf-dist/tex/latex/etoolbox/etoolbox.sty
Package: etoolbox 2025/02/11 v2.5l e-TeX tools for LaTeX (JAW)
\etb@tempcnta=\count196
) (/usr/share/texlive/texmf-dist/tex/latex/base/ifthen.sty
Package: ifthen 2024/03/16 v1.1e Standard LaTeX ifthen package (DPC)
) (/usr/share/texlive/texmf-dist/tex/latex/xcolor/xcolor.sty
Package: xcolor 2024/09/29 v3.02 LaTeX color extensions (UK)
(/usr/share/texlive/texmf-dist/tex/latex/graphics-cfg/color.cfg
File: color.cfg 2016/01/02 v1.6 sample color configuration
)
Package xcolor Info: Driver file: pdftex.def on input line 274.
(/usr/share/texlive/texmf-dist/tex/latex/graphics-def/pdftex.def
File: pdftex.def 2024/04/13 v1.2c Graphics/color driver for pdftex
) (/usr/share/texlive/texmf-dist/tex/latex/graphics/mathcolor.ltx)
Package xcolor Info: Model `cmy' substituted by `cmy0' on input line 1349.
Package xcolor Info: Model `hsb' substituted by `rgb' on input line 1353.
Package xcolor Info: Model `RGB' extended on input line 1365.
Package xcolor Info: Model `HTML' substituted by `rgb' on input line 1367.
Package xcolor Info: Model `Hsb' substituted by `hsb' on input line 1368.
Package xcolor Info: Model `tHsb' substituted by `hsb' on input line 1369.
Package xcolor Info: Model `HSB' substituted by `hsb' on input line 1370.
Package xcolor Info: Model `Gray' substituted by `gray' on input line 1371.
Package xcolor Info: Model `wave' substituted by `hsb' on input line 1372.
) (/usr/share/texlive/texmf-dist/tex/latex/colortbl/colortbl.sty
Package: colortbl 2024/07/06 v1.0i Color table columns (DPC)
(/usr/share/texlive/texmf-dist/tex/latex/tools/array.sty
Package: array 2024/10/17 v2.6g Tabular extension package (FMi)
\col@sep=\dimen141
\ar@mcellbox=\box52
\extrarowheight=\dimen142
\NC@list=\toks17
\extratabsurround=\skip49
\backup@length=\skip50
\ar@cellbox=\box53
)
\everycr=\toks18
\minrowclearance=\skip51
\rownum=\count197
) (/usr/share/texlive/texmf-dist/tex/generic/iftex/iftex.sty
Package: iftex 2024/12/12 v1.0g TeX engine tests
) (/usr/share/texlive/texmf-dist/tex/latex/url/url.sty
\Urlmuskip=\muskip17
Package: url 2013/09/16  ver 3.4  Verb mode for urls, etc.
) (/usr/share/texlive/texmf-dist/tex/latex/base/fontenc.sty
Package: fontenc 2021/04/29 v2.0v Standard LaTeX package
) (/usr/share/texlive/texmf-dist/tex/latex/graphics/graphicx.sty
Package: graphicx 2021/09/16 v1.2d Enhanced LaTeX Graphics (DPC,SPQR)
(/usr/share/texlive/texmf-dist/tex/latex/graphics/keyval.sty
Package: keyval 2022/05/29 v1.15 key=value parser (DPC)
\KV@toks@=\toks19
) (/usr/share/texlive/texmf-dist/tex/latex/graphics/graphics.sty
Package: graphics 2024/08/06 v1.4g Standard LaTeX Graphics (DPC,SPQR)
(/usr/share/texlive/texmf-dist/tex/latex/graphics/trig.sty
Package: trig 2023/12/02 v1.11 sin cos tan (DPC)
) (/usr/share/texlive/texmf-dist/tex/latex/graphics-cfg/graphics.cfg
File: graphics.cfg 2016/06/04 v1.11 sample graphics configuration
)
Package graphics Info: Driver file: pdftex.def on input line 106.
)
\Gin@req@height=\dimen143
\Gin@req@width=\dimen144
) (/usr/share/texlive/texmf-dist/tex/latex/fancyhdr/fancyhdr.sty
Package: fancyhdr 2025/02/07 v5.2 Extensive control of page headers and footers

\f@nch@headwidth=\skip52
\f@nch@offset@elh=\skip53
\f@nch@offset@erh=\skip54
\f@nch@offset@olh=\skip55
\f@nch@offset@orh=\skip56
\f@nch@offset@elf=\skip57
\f@nch@offset@erf=\skip58
\f@nch@offset@olf=\skip59
\f@nch@offset@orf=\skip60
\f@nch@height=\skip61
\f@nch@footalignment=\skip62
\f@nch@widthL=\skip63
\f@nch@widthC=\skip64
\f@nch@widthR=\skip65
\@temptokenb=\toks20
) (/usr/share/texlive/texmf-dist/tex/latex/moderncv/tweaklist.sty) (/usr/share/
texlive/texmf-dist/tex/latex/tools/calc.sty
Package: calc 2023/07/08 v4.3 Infix arithmetic (KKT,FJ)
\calc@Acount=\count198
\calc@Bcount=\count199
\calc@Adimen=\dimen145
\calc@Bdimen=\dimen146
\calc@Askip=\skip66
\calc@Bskip=\skip67
LaTeX Info: Redefining \setlength on input line 80.
LaTeX Info: Redefining \addtolength on input line 81.
\calc@Ccount=\count266
\calc@Cskip=\skip68
) (/usr/share/texlive/texmf-dist/tex/latex/l3packages/xparse/xparse.sty (/usr/s
hare/texlive/texmf-dist/tex/latex/l3kernel/expl3.sty
Package: expl3 2025-01-18 L3 programming layer (loader) 
(/usr/share/texlive/texmf-dist/tex/latex/l3backend/l3backend-pdftex.def
File: l3backend-pdftex.def 2024-05-08 L3 backend support: PDF output (pdfTeX)
\l__color_backend_stack_int=\count267
\l__pdf_internal_box=\box54
))
Package: xparse 2024-08-16 L3 Experimental document command parser
) (/usr/share/texlive/texmf-dist/tex/latex/microtype/microtype.sty
Package: microtype 2025/02/11 v3.2a Micro-typographical refinements (RS)
\MT@toks=\toks21
\MT@tempbox=\box55
\MT@count=\count268
LaTeX Info: Redefining \noprotrusionifhmode on input line 1087.
LaTeX Info: Redefining \leftprotrusion on input line 1088.
\MT@prot@toks=\toks22
LaTeX Info: Redefining \rightprotrusion on input line 1107.
LaTeX Info: Redefining \textls on input line 1449.
\MT@outer@kern=\dimen147
LaTeX Info: Redefining \microtypecontext on input line 2053.
LaTeX Info: Redefining \textmicrotypecontext on input line 2070.
\MT@listname@count=\count269
(/usr/share/texlive/texmf-dist/tex/latex/microtype/microtype-pdftex.def
File: microtype-pdftex.def 2025/02/11 v3.2a Definitions specific to pdftex (RS)

LaTeX Info: Redefining \lsstyle on input line 944.
LaTeX Info: Redefining \lslig on input line 944.
\MT@outer@space=\skip69
)
Package microtype Info: Loading configuration file microtype.cfg.
(/usr/share/texlive/texmf-dist/tex/latex/microtype/microtype.cfg
File: microtype.cfg 2025/02/11 v3.2a microtype main configuration file (RS)
)
LaTeX Info: Redefining \microtypesetup on input line 3065.
) (/usr/share/texlive/texmf-dist/tex/latex/moderncv/moderncvcollection.sty
Package: moderncvcollection 2024-07-18 v2.4.1 moderncv collections
\c@collection@iterator=\count270
) (/usr/share/texlive/texmf-dist/tex/latex/moderncv/moderncvcompatibility.sty
Package: moderncvcompatibility 2024-07-18 v2.4.1 modern curriculum vitae and le
tter compatibility patches
)
\c@collection@phones@count=\count271
\c@collection@socials@count=\count272
\c@cvcolumnscounter=\count273
\c@cvcolumnsautowidthcounter=\count274
\c@tmpiteratorcounter=\count275
\cvcolumnsdummywidth=\skip70
\cvcolumnswidth=\skip71
\cvcolumnsautowidth=\skip72
\cvcolumnautowidth=\skip73
\bibindent=\skip74
) (/usr/share/texlive/texmf-dist/tex/latex/moderncv/moderncvstylecasual.sty
Package: moderncvstylecasual 2024-07-18 v2.4.1 modern curriculum vitae and lett
er style scheme: casual
(/usr/share/texlive/texmf-dist/tex/latex/moderncv/moderncviconssymbols.sty
Package: moderncviconssymbols 2021-12-12 v2.2.0 modern curriculum vitae icons s
elector

moderncv: academicons requires XeTeX/LuaTeX to work. Using alternatives.

(/usr/share/texlive/texmf-dist/tex/latex/moderncv/moderncviconsawesome.sty
Package: moderncviconsawesome 2024-07-18 v2.4.1 modern curriculum vitae icons: 
awesome
(/usr/share/texlive/texmf-dist/tex/latex/fontawesome5/fontawesome5.sty
Package: fontawesome5 2022/05/02 v5.15.4 Font Awesome 5
(/usr/share/texlive/texmf-dist/tex/latex/l3packages/l3keys2e/l3keys2e.sty
Package: l3keys2e 2024-08-16 LaTeX2e option processing using LaTeX3 keys
)
(/usr/share/texlive/texmf-dist/tex/latex/fontawesome5/fontawesome5-generic-help
er.sty
Package: fontawesome5-generic-helper 2022/05/02 v5.15.4 non-uTeX helper for fon
tawesome5
(/usr/share/texlive/texmf-dist/tex/latex/fontawesome5/fontawesome5-mapping.def)
)) (/usr/share/texlive/texmf-dist/tex/latex/moderncv/moderncvcolors.tex)) (/usr
/share/texlive/texmf-dist/tex/latex/moderncv/moderncviconstikz.sty
Package: moderncviconstikz 2024-07-18 v2.4.1 modern curriculum vitae and letter
 icons: tickz
(/usr/share/texlive/texmf-dist/tex/latex/pgf/frontendlayer/tikz.sty (/usr/share
/texlive/texmf-dist/tex/latex/pgf/basiclayer/pgf.sty (/usr/share/texlive/texmf-
dist/tex/latex/pgf/utilities/pgfrcs.sty (/usr/share/texlive/texmf-dist/tex/gene
ric/pgf/utilities/pgfutil-common.tex
\pgfutil@everybye=\toks23
\pgfutil@tempdima=\dimen148
\pgfutil@tempdimb=\dimen149
) (/usr/share/texlive/texmf-dist/tex/generic/pgf/utilities/pgfutil-latex.def
\pgfutil@abb=\box56
) (/usr/share/texlive/texmf-dist/tex/generic/pgf/utilities/pgfrcs.code.tex (/us
r/share/texlive/texmf-dist/tex/generic/pgf/pgf.revision.tex)
Package: pgfrcs 2023-01-15 v3.1.10 (3.1.10)
))
Package: pgf 2023-01-15 v3.1.10 (3.1.10)
(/usr/share/texlive/texmf-dist/tex/latex/pgf/basiclayer/pgfcore.sty (/usr/share
/texlive/texmf-dist/tex/latex/pgf/systemlayer/pgfsys.sty (/usr/share/texlive/te
xmf-dist/tex/generic/pgf/systemlayer/pgfsys.code.tex
Package: pgfsys 2023-01-15 v3.1.10 (3.1.10)
(/usr/share/texlive/texmf-dist/tex/generic/pgf/utilities/pgfkeys.code.tex
\pgfkeys@pathtoks=\toks24
\pgfkeys@temptoks=\toks25

(/usr/share/texlive/texmf-dist/tex/generic/pgf/utilities/pgfkeyslibraryfiltered
.code.tex
\pgfkeys@tmptoks=\toks26
))
\pgf@x=\dimen150
\pgf@y=\dimen151
\pgf@xa=\dimen152
\pgf@ya=\dimen153
\pgf@xb=\dimen154
\pgf@yb=\dimen155
\pgf@xc=\dimen156
\pgf@yc=\dimen157
\pgf@xd=\dimen158
\pgf@yd=\dimen159
\w@pgf@writea=\write3
\r@pgf@reada=\read2
\c@pgf@counta=\count276
\c@pgf@countb=\count277
\c@pgf@countc=\count278
\c@pgf@countd=\count279
\t@pgf@toka=\toks27
\t@pgf@tokb=\toks28
\t@pgf@tokc=\toks29
\pgf@sys@id@count=\count280
(/usr/share/texlive/texmf-dist/tex/generic/pgf/systemlayer/pgf.cfg
File: pgf.cfg 2023-01-15 v3.1.10 (3.1.10)
)
Driver file for pgf: pgfsys-pdftex.def
(/usr/share/texlive/texmf-dist/tex/generic/pgf/systemlayer/pgfsys-pdftex.def
File: pgfsys-pdftex.def 2023-01-15 v3.1.10 (3.1.10)

(/usr/share/texlive/texmf-dist/tex/generic/pgf/systemlayer/pgfsys-common-pdf.de
f
File: pgfsys-common-pdf.def 2023-01-15 v3.1.10 (3.1.10)
)))
(/usr/share/texlive/texmf-dist/tex/generic/pgf/systemlayer/pgfsyssoftpath.code.
tex
File: pgfsyssoftpath.code.tex 2023-01-15 v3.1.10 (3.1.10)
\pgfsyssoftpath@smallbuffer@items=\count281
\pgfsyssoftpath@bigbuffer@items=\count282
)
(/usr/share/texlive/texmf-dist/tex/generic/pgf/systemlayer/pgfsysprotocol.code.
tex
File: pgfsysprotocol.code.tex 2023-01-15 v3.1.10 (3.1.10)
)) (/usr/share/texlive/texmf-dist/tex/generic/pgf/basiclayer/pgfcore.code.tex
Package: pgfcore 2023-01-15 v3.1.10 (3.1.10)
(/usr/share/texlive/texmf-dist/tex/generic/pgf/math/pgfmath.code.tex (/usr/shar
e/texlive/texmf-dist/tex/generic/pgf/math/pgfmathutil.code.tex) (/usr/share/tex
live/texmf-dist/tex/generic/pgf/math/pgfmathparser.code.tex
\pgfmath@dimen=\dimen160
\pgfmath@count=\count283
\pgfmath@box=\box57
\pgfmath@toks=\toks30
\pgfmath@stack@operand=\toks31
\pgfmath@stack@operation=\toks32
) (/usr/share/texlive/texmf-dist/tex/generic/pgf/math/pgfmathfunctions.code.tex
)
(/usr/share/texlive/texmf-dist/tex/generic/pgf/math/pgfmathfunctions.basic.code
.tex)
(/usr/share/texlive/texmf-dist/tex/generic/pgf/math/pgfmathfunctions.trigonomet
ric.code.tex)
(/usr/share/texlive/texmf-dist/tex/generic/pgf/math/pgfmathfunctions.random.cod
e.tex)
(/usr/share/texlive/texmf-dist/tex/generic/pgf/math/pgfmathfunctions.comparison
.code.tex)
(/usr/share/texlive/texmf-dist/tex/generic/pgf/math/pgfmathfunctions.base.code.
tex)
(/usr/share/texlive/texmf-dist/tex/generic/pgf/math/pgfmathfunctions.round.code
.tex)
(/usr/share/texlive/texmf-dist/tex/generic/pgf/math/pgfmathfunctions.misc.code.
tex)
(/usr/share/texlive/texmf-dist/tex/generic/pgf/math/pgfmathfunctions.integerari
thmetics.code.tex) (/usr/share/texlive/texmf-dist/tex/generic/pgf/math/pgfmathc
alc.code.tex) (/usr/share/texlive/texmf-dist/tex/generic/pgf/math/pgfmathfloat.
code.tex
\c@pgfmathroundto@lastzeros=\count284
)) (/usr/share/texlive/texmf-dist/tex/generic/pgf/math/pgfint.code.tex)
(/usr/share/texlive/texmf-dist/tex/generic/pgf/basiclayer/pgfcorepoints.code.te
x
File: pgfcorepoints.code.tex 2023-01-15 v3.1.10 (3.1.10)
\pgf@picminx=\dimen161
\pgf@picmaxx=\dimen162
\pgf@picminy=\dimen163
\pgf@picmaxy=\dimen164
\pgf@pathminx=\dimen165
\pgf@pathmaxx=\dimen166
\pgf@pathminy=\dimen167
\pgf@pathmaxy=\dimen168
\pgf@xx=\dimen169
\pgf@xy=\dimen170
\pgf@yx=\dimen171
\pgf@yy=\dimen172
\pgf@zx=\dimen173
\pgf@zy=\dimen174
)
(/usr/share/texlive/texmf-dist/tex/generic/pgf/basiclayer/pgfcorepathconstruct.
code.tex
File: pgfcorepathconstruct.code.tex 2023-01-15 v3.1.10 (3.1.10)
\pgf@path@lastx=\dimen175
\pgf@path@lasty=\dimen176
)
(/usr/share/texlive/texmf-dist/tex/generic/pgf/basiclayer/pgfcorepathusage.code
.tex
File: pgfcorepathusage.code.tex 2023-01-15 v3.1.10 (3.1.10)
\pgf@shorten@end@additional=\dimen177
\pgf@shorten@start@additional=\dimen178
)
(/usr/share/texlive/texmf-dist/tex/generic/pgf/basiclayer/pgfcorescopes.code.te
x
File: pgfcorescopes.code.tex 2023-01-15 v3.1.10 (3.1.10)
\pgfpic=\box58
\pgf@hbox=\box59
\pgf@layerbox@main=\box60
\pgf@picture@serial@count=\count285
)
(/usr/share/texlive/texmf-dist/tex/generic/pgf/basiclayer/pgfcoregraphicstate.c
ode.tex
File: pgfcoregraphicstate.code.tex 2023-01-15 v3.1.10 (3.1.10)
\pgflinewidth=\dimen179
)
(/usr/share/texlive/texmf-dist/tex/generic/pgf/basiclayer/pgfcoretransformation
s.code.tex
File: pgfcoretransformations.code.tex 2023-01-15 v3.1.10 (3.1.10)
\pgf@pt@x=\dimen180
\pgf@pt@y=\dimen181
\pgf@pt@temp=\dimen182
)
(/usr/share/texlive/texmf-dist/tex/generic/pgf/basiclayer/pgfcorequick.code.tex
File: pgfcorequick.code.tex 2023-01-15 v3.1.10 (3.1.10)
)
(/usr/share/texlive/texmf-dist/tex/generic/pgf/basiclayer/pgfcoreobjects.code.t
ex
File: pgfcoreobjects.code.tex 2023-01-15 v3.1.10 (3.1.10)
)
(/usr/share/texlive/texmf-dist/tex/generic/pgf/basiclayer/pgfcorepathprocessing
.code.tex
File: pgfcorepathprocessing.code.tex 2023-01-15 v3.1.10 (3.1.10)
)
(/usr/share/texlive/texmf-dist/tex/generic/pgf/basiclayer/pgfcorearrows.code.te
x
File: pgfcorearrows.code.tex 2023-01-15 v3.1.10 (3.1.10)
\pgfarrowsep=\dimen183
)
(/usr/share/texlive/texmf-dist/tex/generic/pgf/basiclayer/pgfcoreshade.code.tex
File: pgfcoreshade.code.tex 2023-01-15 v3.1.10 (3.1.10)
\pgf@max=\dimen184
\pgf@sys@shading@range@num=\count286
\pgf@shadingcount=\count287
)
(/usr/share/texlive/texmf-dist/tex/generic/pgf/basiclayer/pgfcoreimage.code.tex
File: pgfcoreimage.code.tex 2023-01-15 v3.1.10 (3.1.10)
)
(/usr/share/texlive/texmf-dist/tex/generic/pgf/basiclayer/pgfcoreexternal.code.
tex
File: pgfcoreexternal.code.tex 2023-01-15 v3.1.10 (3.1.10)
\pgfexternal@startupbox=\box61
)
(/usr/share/texlive/texmf-dist/tex/generic/pgf/basiclayer/pgfcorelayers.code.te
x
File: pgfcorelayers.code.tex 2023-01-15 v3.1.10 (3.1.10)
)
(/usr/share/texlive/texmf-dist/tex/generic/pgf/basiclayer/pgfcoretransparency.c
ode.tex
File: pgfcoretransparency.code.tex 2023-01-15 v3.1.10 (3.1.10)
)
(/usr/share/texlive/texmf-dist/tex/generic/pgf/basiclayer/pgfcorepatterns.code.
tex
File: pgfcorepatterns.code.tex 2023-01-15 v3.1.10 (3.1.10)
) (/usr/share/texlive/texmf-dist/tex/generic/pgf/basiclayer/pgfcorerdf.code.tex
File: pgfcorerdf.code.tex 2023-01-15 v3.1.10 (3.1.10)
)))
(/usr/share/texlive/texmf-dist/tex/generic/pgf/modules/pgfmoduleshapes.code.tex
File: pgfmoduleshapes.code.tex 2023-01-15 v3.1.10 (3.1.10)
\pgfnodeparttextbox=\box62
) (/usr/share/texlive/texmf-dist/tex/generic/pgf/modules/pgfmoduleplot.code.tex
File: pgfmoduleplot.code.tex 2023-01-15 v3.1.10 (3.1.10)
)
(/usr/share/texlive/texmf-dist/tex/latex/pgf/compatibility/pgfcomp-version-0-65
.sty
Package: pgfcomp-version-0-65 2023-01-15 v3.1.10 (3.1.10)
\pgf@nodesepstart=\dimen185
\pgf@nodesepend=\dimen186
)
(/usr/share/texlive/texmf-dist/tex/latex/pgf/compatibility/pgfcomp-version-1-18
.sty
Package: pgfcomp-version-1-18 2023-01-15 v3.1.10 (3.1.10)
)) (/usr/share/texlive/texmf-dist/tex/latex/pgf/utilities/pgffor.sty (/usr/shar
e/texlive/texmf-dist/tex/latex/pgf/utilities/pgfkeys.sty (/usr/share/texlive/te
xmf-dist/tex/generic/pgf/utilities/pgfkeys.code.tex)) (/usr/share/texlive/texmf
-dist/tex/latex/pgf/math/pgfmath.sty (/usr/share/texlive/texmf-dist/tex/generic
/pgf/math/pgfmath.code.tex)) (/usr/share/texlive/texmf-dist/tex/generic/pgf/uti
lities/pgffor.code.tex
Package: pgffor 2023-01-15 v3.1.10 (3.1.10)
\pgffor@iter=\dimen187
\pgffor@skip=\dimen188
\pgffor@stack=\toks33
\pgffor@toks=\toks34
))
(/usr/share/texlive/texmf-dist/tex/generic/pgf/frontendlayer/tikz/tikz.code.tex
Package: tikz 2023-01-15 v3.1.10 (3.1.10)

(/usr/share/texlive/texmf-dist/tex/generic/pgf/libraries/pgflibraryplothandlers
.code.tex
File: pgflibraryplothandlers.code.tex 2023-01-15 v3.1.10 (3.1.10)
\pgf@plot@mark@count=\count288
\pgfplotmarksize=\dimen189
)
\tikz@lastx=\dimen190
\tikz@lasty=\dimen191
\tikz@lastxsaved=\dimen192
\tikz@lastysaved=\dimen193
\tikz@lastmovetox=\dimen194
\tikz@lastmovetoy=\dimen195
\tikzleveldistance=\dimen196
\tikzsiblingdistance=\dimen197
\tikz@figbox=\box63
\tikz@figbox@bg=\box64
\tikz@tempbox=\box65
\tikz@tempbox@bg=\box66
\tikztreelevel=\count289
\tikznumberofchildren=\count290
\tikznumberofcurrentchild=\count291
\tikz@fig@count=\count292

(/usr/share/texlive/texmf-dist/tex/generic/pgf/modules/pgfmodulematrix.code.tex
File: pgfmodulematrix.code.tex 2023-01-15 v3.1.10 (3.1.10)
\pgfmatrixcurrentrow=\count293
\pgfmatrixcurrentcolumn=\count294
\pgf@matrix@numberofcolumns=\count295
)
\tikz@expandcount=\count296

(/usr/share/texlive/texmf-dist/tex/generic/pgf/frontendlayer/tikz/libraries/tik
zlibrarytopaths.code.tex
File: tikzlibrarytopaths.code.tex 2023-01-15 v3.1.10 (3.1.10)
))))) (/usr/share/texlive/texmf-dist/tex/latex/moderncv/moderncvheadii.sty
Package: moderncvheadii 2024-07-18 v2.4.1 modern curriculum vitae and letter he
ader variant: 2
\makeheaddetailsbox=\box67
\makeheaddetailstempbox=\box68
\makeheaddetailswidth=\skip75
\makeheaddetailsboxwidth=\skip76
\quotewidth=\skip77
) (/usr/share/texlive/texmf-dist/tex/latex/moderncv/moderncvbodyi.sty
Package: moderncvbodyi 2024-07-18 v2.4.1 modern curriculum vitae and letter bod
y variant: 1
(/usr/share/texlive/texmf-dist/tex/latex/moderncv/moderncvskillmatrix.sty
Package: moderncvskillmatrix 2024-07-18 v2.4.1 modern curriculum vitae and lett
er skill matrix
(/usr/share/texlive/texmf-dist/tex/latex/multirow/multirow.sty
Package: multirow 2024/11/12 v2.9 Span multiple rows of a table
\multirow@colwidth=\skip78
\multirow@cntb=\count297
\multirow@dima=\skip79
\bigstrutjot=\dimen198
) (/usr/share/texlive/texmf-dist/tex/latex/arydshln/arydshln.sty
Package: arydshln 2019/02/21 v1.76 
\dashlinedash=\dimen199
\dashlinegap=\dimen256
\adl@box=\box69
\adl@height=\dimen257
\adl@heightsave=\dimen258
\adl@depth=\dimen259
\adl@depthsave=\dimen260
\adl@finaldepth=\dimen261
\adl@columns=\count298
\adl@ncol=\count299
\adl@currentcolumn=\count300
\adl@currentcolumnsave=\count301
\adl@totalheight=\count302
\adl@totalheightsave=\count303
\adl@dash=\count304
\adl@gap=\count305
\adl@cla=\count306
\adl@clb=\count307
\adl@everyvbox=\toks35
\adl@LTpagetotal=\dimen262
)
\cvSkill@ShapeSize=\skip80
\my@repeat@count=\count308
\cvskill@width=\skip81
\cvskill@descriptorwidth=\skip82
\cvskill@experiencewidth=\skip83
\skillmatrix@columnwidth=\skip84
\skillmatrix@commentwidth=\skip85
\skillmatrix@padding=\skip86
\skillmatrix@hintscolumnwidth=\skip87
\skillmatrix@bodylength=\skip88
\cvskilllegend@leftdescriptorwidth=\skip89
\cvskilllegend@rightdescriptorwidth=\skip90
\skilllegend@hintscolumnwidth=\skip91
\skilllegend@padding=\skip92
\skilllegend@bodylength=\skip93
\separatorrulewidth=\skip94
)
\hintscolumnwidth=\skip95
\separatorcolumnwidth=\skip96
\maincolumnwidth=\skip97
\doubleitemcolumnwidth=\skip98
\tripleitemcolumnwidth=\skip99
\listitemsymbolwidth=\skip100
LaTeX Font Info:    Trying to load font information for U+fontawesomefree0 on i
nput line 50.
(/usr/share/texlive/texmf-dist/tex/latex/fontawesome5/ufontawesomefree0.fd)
\listitemcolumnwidth=\skip101
\listdoubleitemcolumnwidth=\skip102
\listitemsymbolspace=\skip103
\baseletterheight=\skip104
\cvitemwithcommentbox=\box70
\cvitemwithcommentskilllength=\skip105
\cvitemwithcommentcommentlength=\skip106
) (/usr/share/texlive/texmf-dist/tex/latex/moderncv/moderncvfooti.sty
Package: moderncvfooti 2024-07-18 v2.4.1 modern curriculum vitae and letter foo
ter variant: 1
\footwidth=\skip107
\footbox=\box71
\foottempbox=\box72
\footboxwidth=\skip108
)) (/usr/share/texlive/texmf-dist/tex/latex/moderncv/moderncvcolorblue.sty
Package: moderncvcolorblue 2024-07-18 v2.4.1 modern curriculum vitae and letter
 color scheme: blue
(/usr/share/texlive/texmf-dist/tex/latex/moderncv/moderncvcolors.tex)) (/usr/sh
are/texlive/texmf-dist/tex/latex/geometry/geometry.sty
Package: geometry 2020/01/02 v5.9 Page Geometry
(/usr/share/texlive/texmf-dist/tex/generic/iftex/ifvtex.sty
Package: ifvtex 2019/10/25 v1.7 ifvtex legacy package. Use iftex instead.
)
\Gm@cnth=\count309
\Gm@cntv=\count310
\c@Gm@tempcnt=\count311
\Gm@bindingoffset=\dimen263
\Gm@wd@mp=\dimen264
\Gm@odd@mp=\dimen265
\Gm@even@mp=\dimen266
\Gm@layoutwidth=\dimen267
\Gm@layoutheight=\dimen268
\Gm@layouthoffset=\dimen269
\Gm@layoutvoffset=\dimen270
\Gm@dimlist=\toks36
) (/usr/share/texlive/texmf-dist/tex/latex/tools/tabularx.sty
Package: tabularx 2023/12/11 v2.12a `tabularx' package (DPC)
\TX@col@width=\dimen271
\TX@old@table=\dimen272
\TX@old@col=\dimen273
\TX@target=\dimen274
\TX@delta=\dimen275
\TX@cols=\count312
\TX@ftn=\toks37
) (/usr/share/texlive/texmf-dist/tex/latex/hyperref/hyperref.sty
Package: hyperref 2024-11-05 v7.01l Hypertext links for LaTeX
(/usr/share/texlive/texmf-dist/tex/latex/kvsetkeys/kvsetkeys.sty
Package: kvsetkeys 2022-10-05 v1.19 Key value parser (HO)
) (/usr/share/texlive/texmf-dist/tex/generic/kvdefinekeys/kvdefinekeys.sty
Package: kvdefinekeys 2019-12-19 v1.6 Define keys (HO)
) (/usr/share/texlive/texmf-dist/tex/generic/pdfescape/pdfescape.sty
Package: pdfescape 2019/12/09 v1.15 Implements pdfTeX's escape features (HO)
(/usr/share/texlive/texmf-dist/tex/generic/ltxcmds/ltxcmds.sty
Package: ltxcmds 2023-12-04 v1.26 LaTeX kernel commands for general use (HO)
) (/usr/share/texlive/texmf-dist/tex/generic/pdftexcmds/pdftexcmds.sty
Package: pdftexcmds 2020-06-27 v0.33 Utility functions of pdfTeX for LuaTeX (HO
)
(/usr/share/texlive/texmf-dist/tex/generic/infwarerr/infwarerr.sty
Package: infwarerr 2019/12/03 v1.5 Providing info/warning/error messages (HO)
)
Package pdftexcmds Info: \pdf@primitive is available.
Package pdftexcmds Info: \pdf@ifprimitive is available.
Package pdftexcmds Info: \pdfdraftmode found.
)) (/usr/share/texlive/texmf-dist/tex/latex/hycolor/hycolor.sty
Package: hycolor 2020-01-27 v1.10 Color options for hyperref/bookmark (HO)
) (/usr/share/texlive/texmf-dist/tex/latex/hyperref/nameref.sty
Package: nameref 2023-11-26 v2.56 Cross-referencing by name of section
(/usr/share/texlive/texmf-dist/tex/latex/refcount/refcount.sty
Package: refcount 2019/12/15 v3.6 Data extraction from label references (HO)
) (/usr/share/texlive/texmf-dist/tex/generic/gettitlestring/gettitlestring.sty
Package: gettitlestring 2019/12/15 v1.6 Cleanup title references (HO)
(/usr/share/texlive/texmf-dist/tex/latex/kvoptions/kvoptions.sty
Package: kvoptions 2022-06-15 v3.15 Key value format for package options (HO)
))
\c@section@level=\count313
) (/usr/share/texlive/texmf-dist/tex/generic/stringenc/stringenc.sty
Package: stringenc 2019/11/29 v1.12 Convert strings between diff. encodings (HO
)
)
\@linkdim=\dimen276
\Hy@linkcounter=\count314
\Hy@pagecounter=\count315
(/usr/share/texlive/texmf-dist/tex/latex/hyperref/pd1enc.def
File: pd1enc.def 2024-11-05 v7.01l Hyperref: PDFDocEncoding definition (HO)
Now handling font encoding PD1 ...
... no UTF-8 mapping file for font encoding PD1
) (/usr/share/texlive/texmf-dist/tex/generic/intcalc/intcalc.sty
Package: intcalc 2019/12/15 v1.3 Expandable calculations with integers (HO)
)
\Hy@SavedSpaceFactor=\count316
(/usr/share/texlive/texmf-dist/tex/latex/hyperref/puenc.def
File: puenc.def 2024-11-05 v7.01l Hyperref: PDF Unicode definition (HO)
Now handling font encoding PU ...
... no UTF-8 mapping file for font encoding PU
)
Package hyperref Info: Hyper figures OFF on input line 4157.
Package hyperref Info: Link nesting OFF on input line 4162.
Package hyperref Info: Hyper index ON on input line 4165.
Package hyperref Info: Plain pages OFF on input line 4172.
Package hyperref Info: Backreferencing OFF on input line 4177.
Package hyperref Info: Implicit mode ON; LaTeX internals redefined.
Package hyperref Info: Bookmarks ON on input line 4424.
\c@Hy@tempcnt=\count317
LaTeX Info: Redefining \url on input line 4763.
\XeTeXLinkMargin=\dimen277
(/usr/share/texlive/texmf-dist/tex/generic/bitset/bitset.sty
Package: bitset 2019/12/09 v1.3 Handle bit-vector datatype (HO)
(/usr/share/texlive/texmf-dist/tex/generic/bigintcalc/bigintcalc.sty
Package: bigintcalc 2019/12/15 v1.5 Expandable calculations on big integers (HO
)
))
\Fld@menulength=\count318
\Field@Width=\dimen278
\Fld@charsize=\dimen279
Package hyperref Info: Hyper figures OFF on input line 6042.
Package hyperref Info: Link nesting OFF on input line 6047.
Package hyperref Info: Hyper index ON on input line 6050.
Package hyperref Info: backreferencing OFF on input line 6057.
Package hyperref Info: Link coloring OFF on input line 6062.
Package hyperref Info: Link coloring with OCG OFF on input line 6067.
Package hyperref Info: PDF/A mode OFF on input line 6072.
(/usr/share/texlive/texmf-dist/tex/latex/base/atbegshi-ltx.sty
Package: atbegshi-ltx 2021/01/10 v1.0c Emulation of the original atbegshi
package with kernel methods
)

Package hyperref Warning: Option `pdfpagelabels' is turned off
(hyperref)                because \thepage is undefined.

\c@Item=\count319
\c@Hfootnote=\count320
)
Package hyperref Info: Driver (autodetected): hpdftex.
(/usr/share/texlive/texmf-dist/tex/latex/hyperref/hpdftex.def
File: hpdftex.def 2024-11-05 v7.01l Hyperref driver for pdfTeX
\Fld@listcount=\count321
\c@bookmark@seq@number=\count322
(/usr/share/texlive/texmf-dist/tex/latex/rerunfilecheck/rerunfilecheck.sty
Package: rerunfilecheck 2022-07-10 v1.10 Rerun checks for auxiliary files (HO)
(/usr/share/texlive/texmf-dist/tex/latex/base/atveryend-ltx.sty
Package: atveryend-ltx 2020/08/19 v1.0a Emulation of the original atveryend pac
kage
with kernel methods
) (/usr/share/texlive/texmf-dist/tex/generic/uniquecounter/uniquecounter.sty
Package: uniquecounter 2019/12/15 v1.4 Provide unlimited unique counter (HO)
)
Package uniquecounter Info: New unique counter `rerunfilecheck' on input line 2
85.
)
\Hy@SectionHShift=\skip109
) (/usr/share/texlive/texmf-dist/tex/latex/needspace/needspace.sty
Package: needspace 2010/09/12 v1.3d reserve vertical space
) (/usr/share/texmf/tex/latex/tipa/tipa.sty
Package: tipa 2002/08/08 TIPA version 1.1
(/usr/share/texlive/texmf-dist/tex/latex/base/fontenc.sty
Package: fontenc 2021/04/29 v2.0v Standard LaTeX package
(/usr/share/texmf/tex/latex/tipa/t3enc.def
File: t3enc.def 2001/12/31 T3 encoding
Now handling font encoding T3 ...
... no UTF-8 mapping file for font encoding T3
))) (/usr/share/texlive/texmf-dist/tex/latex/base/fontenc.sty
Package: fontenc 2021/04/29 v2.0v Standard LaTeX package
) (/usr/share/texlive/texmf-dist/tex/latex/base/inputenc.sty
Package: inputenc 2024/02/08 v1.3d Input encoding file
\inpenc@prehook=\toks38
\inpenc@posthook=\toks39
) (/usr/share/texlive/texmf-dist/tex/generic/babel/babel.sty
Package: babel 2025/02/14 v25.4 The multilingual framework for pdfLaTeX, LuaLaT
eX and XeLaTeX
\babel@savecnt=\count323
\U@D=\dimen280
\l@unhyphenated=\language90
(/usr/share/texlive/texmf-dist/tex/generic/babel/txtbabel.def)
\bbl@readstream=\read3
\bbl@dirlevel=\count324
(/usr/share/texlive/texmf-dist/tex/generic/babel-english/canadian.ldf
Language: canadian 2017/06/06 v3.3r English support from the babel system
(/usr/share/texlive/texmf-dist/tex/generic/babel-english/english.ldf
Language: english 2017/06/06 v3.3r English support from the babel system
Package babel Info: Hyphen rules for 'canadian' set to \l@english
(babel)             (\language0). Reported on input line 102.
Package babel Info: Hyphen rules for 'australian' set to \l@ukenglish
(babel)             (\language36). Reported on input line 105.
Package babel Info: Hyphen rules for 'newzealand' set to \l@ukenglish
(babel)             (\language36). Reported on input line 108.
))) (/usr/share/texlive/texmf-dist/tex/generic/babel/locale/en/babel-canadian.t
ex
Package babel Info: Importing font and identification data for canadian
(babel)             from babel-en-CA.ini. Reported on input line 11.
)

Package hyperref Warning: Unexpected value `blue'
(hyperref)                of option `colorlinks' instead of
(hyperref)                `true' or 'false' on input line 125.

Package hyperref Info: Option `breaklinks' set `true' on input line 125.
Package hyperref Info: Option `breaklinks' set `true' on input line 129.
Package hyperref Info: Option `bookmarksopen' set `true' on input line 129.
(./CV.aux)
\openout1 = `CV.aux'.

LaTeX Font Info:    Checking defaults for OML/cmm/m/it on input line 129.
LaTeX Font Info:    ... okay on input line 129.
LaTeX Font Info:    Checking defaults for OMS/cmsy/m/n on input line 129.
LaTeX Font Info:    ... okay on input line 129.
LaTeX Font Info:    Checking defaults for OT1/cmr/m/n on input line 129.
LaTeX Font Info:    ... okay on input line 129.
LaTeX Font Info:    Checking defaults for T1/cmr/m/n on input line 129.
LaTeX Font Info:    ... okay on input line 129.
LaTeX Font Info:    Checking defaults for TS1/cmr/m/n on input line 129.
LaTeX Font Info:    ... okay on input line 129.
LaTeX Font Info:    Checking defaults for OMX/cmex/m/n on input line 129.
LaTeX Font Info:    ... okay on input line 129.
LaTeX Font Info:    Checking defaults for U/cmr/m/n on input line 129.
LaTeX Font Info:    ... okay on input line 129.
LaTeX Font Info:    Checking defaults for PD1/pdf/m/n on input line 129.
LaTeX Font Info:    ... okay on input line 129.
LaTeX Font Info:    Checking defaults for PU/pdf/m/n on input line 129.
LaTeX Font Info:    ... okay on input line 129.
LaTeX Font Info:    Checking defaults for T3/cmr/m/n on input line 129.
LaTeX Font Info:    Trying to load font information for T3+cmr on input line 12
9.
(/usr/share/texmf/tex/latex/tipa/t3cmr.fd
File: t3cmr.fd 2001/12/31 TIPA font definitions
)
LaTeX Font Info:    ... okay on input line 129.
(/usr/share/texlive/texmf-dist/tex/context/base/mkii/supp-pdf.mkii
[Loading MPS to PDF converter (version 2006.09.02).]
\scratchcounter=\count325
\scratchdimen=\dimen281
\scratchbox=\box73
\nofMPsegments=\count326
\nofMParguments=\count327
\everyMPshowfont=\toks40
\MPscratchCnt=\count328
\MPscratchDim=\dimen282
\MPnumerator=\count329
\makeMPintoPDFobject=\count330
\everyMPtoPDFconversion=\toks41
) (/usr/share/texlive/texmf-dist/tex/latex/epstopdf-pkg/epstopdf-base.sty
Package: epstopdf-base 2020-01-24 v2.11 Base part for package epstopdf
(/usr/share/texlive/texmf-dist/tex/latex/grfext/grfext.sty
Package: grfext 2019/12/03 v1.3 Manage graphics extensions (HO)
)
Package epstopdf-base Info: Redefining graphics rule for `.eps' on input line 4
85.
Package grfext Info: Graphics extension search list:
(grfext)             [.pdf,.png,.jpg,.mps,.jpeg,.jbig2,.jb2,.PDF,.PNG,.JPG,.JPE
G,.JBIG2,.JB2,.eps]
(grfext)             \AppendGraphicsExtensions on input line 504.
(/usr/share/texlive/texmf-dist/tex/latex/latexconfig/epstopdf-sys.cfg
File: epstopdf-sys.cfg 2010/07/13 v1.3 Configuration of (r)epstopdf for TeX Liv
e
))
LaTeX Info: Redefining \microtypecontext on input line 129.
Package microtype Info: Applying patch `item' on input line 129.
Package microtype Info: Applying patch `toc' on input line 129.
Package microtype Info: Applying patch `eqnum' on input line 129.
Package microtype Info: Applying patch `footnote' on input line 129.
Package microtype Info: Applying patch `verbatim' on input line 129.
LaTeX Info: Redefining \microtypesetup on input line 129.
Package microtype Info: Generating PDF output.
Package microtype Info: Character protrusion enabled (level 2).
Package microtype Info: Using default protrusion set `alltext'.
Package microtype Info: Automatic font expansion enabled (level 2),
(microtype)             stretch: 20, shrink: 20, step: 1, non-selected.
Package microtype Info: Using default expansion set `alltext-nott'.
LaTeX Info: Redefining \showhyphens on input line 129.
Package microtype Info: No adjustment of tracking.
Package microtype Info: No adjustment of interword spacing.
Package microtype Info: No adjustment of character kerning.
Package microtype Info: Loading generic protrusion settings for font family
(microtype)             `cmss' (encoding: T1).
(microtype)             For optimal results, create family-specific settings.
(microtype)             See the microtype manual for details.
*geometry* driver: auto-detecting
*geometry* detected driver: pdftex
*geometry* verbose mode - [ preamble ] result:
* driver: pdftex
* paper: letterpaper
* layout: <same size as paper>
* layoutoffset:(h,v)=(0.0pt,0.0pt)
* modes: 
* h-part:(L,W,R)=(86.72377pt, 440.84746pt, 86.72377pt)
* v-part:(T,H,B)=(86.72377pt, 621.52245pt, 86.72377pt)
* \paperwidth=614.295pt
* \paperheight=794.96999pt
* \textwidth=440.84746pt
* \textheight=621.52245pt
* \oddsidemargin=14.45378pt
* \evensidemargin=14.45378pt
* \topmargin=-22.54622pt
* \headheight=12.0pt
* \headsep=25.0pt
* \topskip=11.0pt
* \footskip=30.0pt
* \marginparwidth=59.0pt
* \marginparsep=10.0pt
* \columnsep=10.0pt
* \skip\footins=10.0pt plus 4.0pt minus 2.0pt
* \hoffset=0.0pt
* \voffset=0.0pt
* \mag=1000
* \@twocolumnfalse
* \@twosidefalse
* \@mparswitchfalse
* \@reversemarginfalse
* (1in=72.27pt=25.4mm, 1cm=28.453pt)

Package hyperref Info: Link coloring OFF on input line 129.
(./CV.out) (./CV.out)
\@outlinefile=\write4
\openout4 = `CV.out'.

\pagenumberwidth=\skip110
\makecvheadpicturebox=\box74
\makecvheadpicturewidth=\skip111
\makecvheadnamebox=\box75

LaTeX Font Warning: Font shape `T1/cmss/m/n' in size <38> not available
(Font)              size <35.83> substituted on input line 131.

Package microtype Info: Loading generic protrusion settings for font family
(microtype)             `cmtt' (encoding: T1).
(microtype)             For optimal results, create family-specific settings.
(microtype)             See the microtype manual for details.
(/usr/share/texlive/texmf-dist/tex/latex/microtype/mt-cmr.cfg
File: mt-cmr.cfg 2013/05/19 v2.2 microtype config. file: Computer Modern Roman 
(RS)
)
LaTeX Font Info:    External font `cmex10' loaded for size
(Font)              <7> on input line 136.
LaTeX Font Info:    External font `cmex10' loaded for size
(Font)              <5> on input line 136.


LaTeX Font Info:    Trying to load font information for U+fontawesomefree1 on i
nput line 224.
(/usr/share/texlive/texmf-dist/tex/latex/fontawesome5/ufontawesomefree1.fd)
LaTeX Font Info:    Trying to load font information for U+fontawesomebrands0 on
 input line 224.
(/usr/share/texlive/texmf-dist/tex/latex/fontawesome5/ufontawesomebrands0.fd)
LaTeX Font Info:    Font shape `U/fontawesomebrands0/solid/n' in size <10> not 
available
(Font)              Font shape `U/fontawesomebrands0/regular/n' tried instead o
n input line 224.
LaTeX Font Info:    Trying to load font information for U+fontawesomebrands1 on
 input line 224.
(/usr/share/texlive/texmf-dist/tex/latex/fontawesome5/ufontawesomebrands1.fd)
LaTeX Font Info:    Font shape `U/fontawesomebrands1/solid/n' in size <10> not 
available
(Font)              Font shape `U/fontawesomebrands1/regular/n' tried instead o
n input line 224.
[1

{/var/lib/texmf/fonts/map/pdftex/updmap/pdftex.map}{/usr/share/texmf/fonts/enc/
dvips/cm-super/cm-super-t1.enc}{/usr/share/texlive/texmf-dist/fonts/enc/dvips/f
ontawesome5/fa5free1.enc}{/usr/share/texmf/fonts/enc/dvips/cm-super/cm-super-ts
1.enc}{/usr/share/texlive/texmf-dist/fonts/enc/dvips/fontawesome5/fa5brands0.en
c}{/usr/share/texlive/texmf-dist/fonts/enc/dvips/fontawesome5/fa5brands1.enc}]
Underfull \hbox (badness 10000) in alignment at lines 239--239
[][] 
 []



[2]

[3]

[4]

[5]

[6]

[7]

LaTeX Font Warning: Font shape `T1/cmss/m/sc' in size <10> not available
(Font)              Font shape `T1/cmr/m/sc' tried instead on input line 814.



[8{/usr/share/texlive/texmf-dist/fonts/enc/dvips/fontawesome5/fa5free0.enc}]

[9]


Overfull \hbox (4.89603pt too wide) has occurred while \output is active
[]|\T1/cmss/m/it/10.95 (-20) 10/46 
 []

[10]


Overfull \hbox (4.89603pt too wide) has occurred while \output is active
[]|\T1/cmss/m/it/10.95 (-20) 11/46 
 []

[11]


Overfull \hbox (4.89603pt too wide) has occurred while \output is active
[]|\T1/cmss/m/it/10.95 (-20) 12/46 
 []

[12]
Underfull \hbox (badness 1158) in paragraph at lines 915--915
[]|\T1/cmss/m/n/10 (+20) is \T1/cmss/bx/n/10 (+20) O'Donnell, Daniel Paul\T1/cm
ss/m/n/10 (+20) , Bar-bara Bor-dalejo, Da-vide Pa-fumi*, and Jo-ce-lyn
 []




Overfull \hbox (4.89603pt too wide) has occurred while \output is active
[]|\T1/cmss/m/it/10.95 (-20) 13/46 
 []

[13]


Overfull \hbox (4.89603pt too wide) has occurred while \output is active
[]|\T1/cmss/m/it/10.95 (-20) 14/46 
 []

[14]


Overfull \hbox (4.89603pt too wide) has occurred while \output is active
[]|\T1/cmss/m/it/10.95 (-20) 15/46 
 []

[15]


Overfull \hbox (4.89603pt too wide) has occurred while \output is active
[]|\T1/cmss/m/it/10.95 (-20) 16/46 
 []

[16]
Underfull \hbox (badness 3525) in paragraph at lines 972--972
[]|\T1/cmss/m/n/10 (+20) i \T1/cmss/bx/n/10 (+20) O'Donnell, Daniel Paul\T1/cms
s/m/n/10 (+20) . 2014. ^^P`All To-gether Now...' Mo-bil-is-ing
 []


Underfull \hbox (badness 3158) in paragraph at lines 973--973
\T1/cmss/m/n/10 (+20) world-wide col-lab-o-ra-tive con-fer-ence on pri-vacy and
 surveil-lance in the dig-i-tal
 []


Underfull \hbox (badness 2418) in paragraph at lines 973--973
\T1/cmss/m/n/10 (+20) age. Hosted by the Kule In-sti-tute for Ad-vanced Study. 
May 21, 2014.
 []




Overfull \hbox (4.89603pt too wide) has occurred while \output is active
[]|\T1/cmss/m/it/10.95 (-20) 17/46 
 []

[17]


Overfull \hbox (4.89603pt too wide) has occurred while \output is active
[]|\T1/cmss/m/it/10.95 (-20) 18/46 
 []

[18]
Underfull \hbox (badness 7133) in paragraph at lines 1000--1000
[]|\T1/cmss/m/n/10 (+20) i \T1/cmss/bx/n/10 (+20) O'Donnell, Daniel Paul\T1/cms
s/m/n/10 (+20) . 2010. A Work-shop on Uses and In-
 []


Underfull \hbox (badness 10000) in paragraph at lines 1000--1000
\T1/cmss/m/n/10 (+20) ter-op-er-a-tion. Paris, Jan-uary 14-15. http://lib.stanf
ord.edu/DMSS
 []




Overfull \hbox (4.89603pt too wide) has occurred while \output is active
[]|\T1/cmss/m/it/10.95 (-20) 19/46 
 []

[19]


Overfull \hbox (4.89603pt too wide) has occurred while \output is active
[]|\T1/cmss/m/it/10.95 (-20) 20/46 
 []

[20]


Overfull \hbox (4.89603pt too wide) has occurred while \output is active
[]|\T1/cmss/m/it/10.95 (-20) 21/46 
 []

[21]
Underfull \hbox (badness 2435) in paragraph at lines 1048--1048
\T1/cmss/m/n/10 (+20) Gadie, Robert*, Odeniyi, Vic-to-ria*, and Parvin, Shahina
*. 2021. ^^PRead-
 []


Underfull \hbox (badness 1675) in paragraph at lines 1048--1048
\T1/cmss/m/n/10 (+20) ing Peer Re-view ^^U What a Dataset of Peer Re-view Re-po
rts Can Teach Us
 []


Underfull \hbox (badness 2486) in paragraph at lines 1048--1048
\T1/cmss/m/n/10 (+20) about Chang-ing Re-search Cul-ture.^^Q \T1/cmss/m/sl/10 (
+20) Im-pact of So-cial Sci-ences (blog)\T1/cmss/m/n/10 (+20) , March
 []


Underfull \hbox (badness 10000) in paragraph at lines 1051--1051
\T1/cmtt/m/n/10 articles / Excellence _ R _ Us _ University _ Research _ and _ 
the _ Fetishisation _ of _
 []


Underfull \hbox (badness 10000) in paragraph at lines 1062--1062
\T1/cmss/m/n/10 (+20) theres-no-next-about-it-stanley-fish-william-pannapacker-
and-the-digital-humanities-as-
 []




Overfull \hbox (4.89603pt too wide) has occurred while \output is active
[]|\T1/cmss/m/it/10.95 (-20) 22/46 
 []

[22]
Underfull \hbox (badness 2884) in paragraph at lines 1078--1078
[]|\T1/cmss/m/n/10 (+20) i \T1/cmss/bx/n/10 (+20) O'Donnell, Daniel Paul\T1/cms
s/m/n/10 (+20) . 2011. Re-view of June Tera-sawa, \T1/cmss/m/sl/10 (+20) Old En
-
 []


Underfull \hbox (badness 5985) in paragraph at lines 1078--1078
\T1/cmss/m/sl/10 (+20) glish Me-tre: An In-tro-duc-tion\T1/cmss/m/n/10 (+20) . 
Toronto Anglo-Saxon Se-ries. Toronto:
 []


Underfull \hbox (badness 10000) in paragraph at lines 1078--1078
\T1/cmss/m/n/10 (+20) Uni-ver-sity of Toronto Press. \T1/cmss/m/sl/10 (+20) The
 Me-dieval Re-view \T1/cmss/m/n/10 (+20) 2011-09-28.
 []




Overfull \hbox (4.89603pt too wide) has occurred while \output is active
[]|\T1/cmss/m/it/10.95 (-20) 23/46 
 []

[23]


Overfull \hbox (4.89603pt too wide) has occurred while \output is active
[]|\T1/cmss/m/it/10.95 (-20) 24/46 
 []

[24]
Underfull \hbox (badness 10000) in paragraph at lines 1115--1115
[]|\T1/cmss/bx/n/10 (+20) O'Donnell, Dan\T1/cmss/m/n/10 (+20) . 2025. ^^PAt-tem
pt to Negate a Rid-ing
 []


Underfull \hbox (badness 10000) in paragraph at lines 1115--1115
\T1/cmss/m/n/10 (+20) Is Grounds for Re-call.^^Q \T1/cmss/m/sl/10 (+20) The Let
h-bridge Her-ald\T1/cmss/m/n/10 (+20) , Novem-ber 15.
 []


Underfull \hbox (badness 10000) in paragraph at lines 1115--1115
[]\T1/cmss/m/n/10 (+20) https://lethbridgeherald.com/commentary/opinions/2025/1
1/15/attempt-to-negate-a-
 []


Underfull \hbox (badness 10000) in paragraph at lines 1117--1117
[]|\T1/cmss/bx/n/10 (+20) O'Donnell, Daniel Paul\T1/cmss/m/n/10 (+20) . 2025. ^
^POne Mo-ment Cap-tured
 []


Underfull \hbox (badness 10000) in paragraph at lines 1117--1117
\T1/cmss/m/n/10 (+20) Poilievre's Fa-tal Weak-ness.^^Q \T1/cmss/m/sl/10 (+20) T
he Leth-bridge Her-ald\T1/cmss/m/n/10 (+20) , May 1.
 []


Underfull \hbox (badness 10000) in paragraph at lines 1117--1117
[]\T1/cmss/m/n/10 (+20) https://lethbridgeherald.com/commentary/opinions/2025/0
5/01/one-moment-
 []


Underfull \hbox (badness 1092) in paragraph at lines 1118--1118
[]|\T1/cmss/bx/n/10 (+20) O'Donnell, Daniel Paul\T1/cmss/m/n/10 (+20) . 2024. ^
^PFu-ture Gen-er-a-tions Can Learn from Doc-
 []


Underfull \hbox (badness 7777) in paragraph at lines 1118--1118
\T1/cmss/m/n/10 (+20) u-ments Writ-ten for the Present.^^Q \T1/cmss/m/sl/10 (+2
0) The Leth-bridge Her-ald\T1/cmss/m/n/10 (+20) , De-cem-ber 13.
 []


Underfull \hbox (badness 10000) in paragraph at lines 1118--1118
[]\T1/cmss/m/n/10 (+20) https://lethbridgeherald.com/commentary/opinions/2024/1
2/13/future-generations-
 []


Underfull \hbox (badness 4779) in paragraph at lines 1119--1119
[]|\T1/cmss/bx/n/10 (+20) O'Donnell, Daniel Paul\T1/cmss/m/n/10 (+20) . 2024. ^
^PSuc-cess of the Uni-ver-sity of Leth-
 []


Underfull \hbox (badness 10000) in paragraph at lines 1119--1119
\T1/cmss/m/n/10 (+20) bridge Fac-ing a Real Threat.^^Q \T1/cmss/m/sl/10 (+20) T
he Leth-bridge Her-ald\T1/cmss/m/n/10 (+20) , De-cem-ber 6.
 []


Underfull \hbox (badness 10000) in paragraph at lines 1119--1119
[]\T1/cmss/m/n/10 (+20) https://lethbridgeherald.com/commentary/opinions/2024/1
2/06/success-of-the-
 []


Underfull \hbox (badness 5105) in paragraph at lines 1120--1120
[]|\T1/cmss/bx/n/10 (+20) O'Donnell, Daniel Paul\T1/cmss/m/n/10 (+20) . 2024. ^
^PIt's Bet-ter for All of Us to En-
 []


Underfull \hbox (badness 3417) in paragraph at lines 1120--1120
\T1/cmss/m/n/10 (+20) gage with Peo-ple Who Aren't like Us.^^Q \T1/cmss/m/sl/10
 (+20) The Leth-bridge Her-ald\T1/cmss/m/n/10 (+20) , Novem-ber
 []


Underfull \hbox (badness 4981) in paragraph at lines 1121--1121
[]|\T1/cmss/bx/n/10 (+20) O'Donnell, Daniel Paul\T1/cmss/m/n/10 (+20) . 2024. ^
^PThe Data We Will-ingly or Un-wit-
 []


Underfull \hbox (badness 5862) in paragraph at lines 1122--1122
[]|\T1/cmss/bx/n/10 (+20) O'Donnell, Daniel Paul\T1/cmss/m/n/10 (+20) . 2024. ^
^PEn-thu-si-asm for Uni-ver-sity's An-nual
 []


Underfull \hbox (badness 10000) in paragraph at lines 1122--1122
\T1/cmss/m/n/10 (+20) Open House as High as Ever.^^Q \T1/cmss/m/sl/10 (+20) The
 Leth-bridge Her-ald\T1/cmss/m/n/10 (+20) , Novem-ber 2.
 []


Underfull \hbox (badness 10000) in paragraph at lines 1122--1122
[]\T1/cmss/m/n/10 (+20) https://lethbridgeherald.com/commentary/opinions/2024/1
1/02/enthusiasm-for-
 []


Underfull \hbox (badness 10000) in paragraph at lines 1123--1123
[]|\T1/cmss/bx/n/10 (+20) O'Donnell, Daniel Paul\T1/cmss/m/n/10 (+20) . 2024. ^
^PChat-bots Know Noth-ing but
 []


Underfull \hbox (badness 7777) in paragraph at lines 1123--1123
\T1/cmss/m/n/10 (+20) Sound like Ex-perts on Ev-ery-thing.^^Q \T1/cmss/m/sl/10 
(+20) The Leth-bridge Her-ald\T1/cmss/m/n/10 (+20) , Oc-to-ber 23.
 []


Underfull \hbox (badness 10000) in paragraph at lines 1123--1123
[]\T1/cmss/m/n/10 (+20) https://lethbridgeherald.com/commentary/opinions/2024/1
0/23/chatbots-know-
 []




Overfull \hbox (4.89603pt too wide) has occurred while \output is active
[]|\T1/cmss/m/it/10.95 (-20) 25/46 
 []

[25]
Underfull \hbox (badness 10000) in paragraph at lines 1125--1125
[]|\T1/cmss/bx/n/10 (+20) O'Donnell, Daniel Paul\T1/cmss/m/n/10 (+20) . 2024. ^
^PCom-mu-ni-ca-tion and Lead-
 []


Underfull \hbox (badness 10000) in paragraph at lines 1125--1125
\T1/cmss/m/n/10 (+20) er-ship a Mat-ter of Trust.^^Q \T1/cmss/m/sl/10 (+20) Let
h-bridge Her-ald\T1/cmss/m/n/10 (+20) , Septem-ber 20.
 []


Underfull \hbox (badness 10000) in paragraph at lines 1125--1125
[]\T1/cmss/m/n/10 (+20) https://lethbridgeherald.com/commentary/opinions/2024/0
9/20/communication-
 []


Underfull \hbox (badness 10000) in paragraph at lines 1126--1126
[]|\T1/cmss/bx/n/10 (+20) O'Donnell, Daniel Paul\T1/cmss/m/n/10 (+20) . 2024. ^
^PHas the Uni-ver-sity of
 []


Underfull \hbox (badness 10000) in paragraph at lines 1126--1126
\T1/cmss/m/n/10 (+20) Leth-bridge Lost Its Soul?^^Q \T1/cmss/m/sl/10 (+20) Leth
-bridge Her-ald\T1/cmss/m/n/10 (+20) , Septem-ber 6.
 []


Underfull \hbox (badness 10000) in paragraph at lines 1126--1126
[]\T1/cmss/m/n/10 (+19) https://lethbridgeherald.com/commentary/opinions/2024/0
9/06/has-the-university-of-
 []


Underfull \hbox (badness 10000) in paragraph at lines 1127--1127
[]|\T1/cmss/m/n/10 (+20) O'Donnell, Dan. 2024. ^^POpin-ion: Bill 18 Risks Re-se
arch for
 []


Underfull \hbox (badness 10000) in paragraph at lines 1127--1127
\T1/cmss/m/n/10 (+20) the Sake of Po-lit-i-cal Cor-rect-ness.^^Q \T1/cmss/m/sl/
10 (+20) Ed-mon-ton Jour-nal\T1/cmss/m/n/10 (+20) , June 7.
 []


Underfull \hbox (badness 10000) in paragraph at lines 1127--1127
[]\T1/cmss/m/n/10 (+20) https://edmontonjournal.com/opinion/columnists/opinion-
bill-18-risks-research-
 []


Underfull \hbox (badness 10000) in paragraph at lines 1128--1128
[]|\T1/cmss/bx/n/10 (+20) O'Donnell, Daniel Paul\T1/cmss/m/n/10 (+20) . 2023. ^
^PRe-flec-tions on the U of
 []


Underfull \hbox (badness 10000) in paragraph at lines 1128--1128
\T1/cmss/m/n/10 (+20) L a Year af-ter Strike/Lockout.^^Q \T1/cmss/m/sl/10 (+20)
 Leth-bridge Her-ald\T1/cmss/m/n/10 (+20) , March 21.
 []


Underfull \hbox (badness 10000) in paragraph at lines 1128--1128
[]\T1/cmss/m/n/10 (+20) https://lethbridgeherald.com/commentary/opinions/2023/0
3/21/reflections-on-the-u-
 []


Underfull \hbox (badness 10000) in paragraph at lines 1130--1130
[]|\T1/cmss/bx/n/10 (+20) O'Donnell, Daniel Paul\T1/cmss/m/n/10 (+20) . 2022. ^
^PMaybe We Need to
 []


Underfull \hbox (badness 10000) in paragraph at lines 1130--1130
\T1/cmss/m/n/10 (+20) Start Demon-strat-ing Again.^^Q \T1/cmss/m/sl/10 (+20) Le
th-bridge Her-ald\T1/cmss/m/n/10 (+20) , Jan-uary 29.
 []


Underfull \hbox (badness 10000) in paragraph at lines 1130--1130
[]\T1/cmss/m/n/10 (+20) https://lethbridgeherald.com/commentary/opinions/2021/1
2/08/maybe-we-need-
 []


Underfull \hbox (badness 10000) in paragraph at lines 1131--1131
[]|\T1/cmss/bx/n/10 (+20) O'Donnell, Daniel Paul\T1/cmss/m/n/10 (+20) . 2021. ^
^PThere Is Still Time to Turn
 []


Underfull \hbox (badness 10000) in paragraph at lines 1131--1131
\T1/cmss/m/n/10 (+20) Things Around at the U of L.^^Q \T1/cmss/m/sl/10 (+20) Le
th-bridge Her-ald\T1/cmss/m/n/10 (+20) , Septem-ber 10.
 []


Underfull \hbox (badness 10000) in paragraph at lines 1131--1131
[]\T1/cmss/m/n/10 (+20) https://lethbridgeherald.com/commentary/14opinions/2021
/09/10/there-is-still-
 []


Underfull \hbox (badness 10000) in paragraph at lines 1132--1132
[]|\T1/cmss/bx/n/10 (+20) O'Donnell, Daniel Paul\T1/cmss/m/n/10 (+20) . 2016. ^
^PCus-tomized Pro-nouns: A Good
 []


Underfull \hbox (badness 10000) in paragraph at lines 1132--1132
\T1/cmss/m/n/10 (+20) Idea That Makes No Sense.^^Q \T1/cmss/m/sl/10 (+20) The G
lobe and Mail\T1/cmss/m/n/10 (+20) , Oc-to-ber 15.
 []


Underfull \hbox (badness 10000) in paragraph at lines 1132--1132
[]\T1/cmss/m/n/10 (+20) https://www.theglobeandmail.com/opinion/customized-pron
ouns-a-good-idea-that-
 []




Overfull \hbox (4.89603pt too wide) has occurred while \output is active
[]|\T1/cmss/m/it/10.95 (-20) 26/46 
 []

[26]


Overfull \hbox (4.89603pt too wide) has occurred while \output is active
[]|\T1/cmss/m/it/10.95 (-20) 27/46 
 []

[27]


Overfull \hbox (4.89603pt too wide) has occurred while \output is active
[]|\T1/cmss/m/it/10.95 (-20) 28/46 
 []

[28]


Overfull \hbox (4.89603pt too wide) has occurred while \output is active
[]|\T1/cmss/m/it/10.95 (-20) 29/46 
 []

[29]


Overfull \hbox (4.89603pt too wide) has occurred while \output is active
[]|\T1/cmss/m/it/10.95 (-20) 30/46 
 []

[30]
LaTeX Font Info:    Trying to load font information for T3+cmss on input line 1
238.
(/usr/share/texmf/tex/latex/tipa/t3cmss.fd
File: t3cmss.fd 2001/12/31 TIPA font definitions
)


Overfull \hbox (4.89603pt too wide) has occurred while \output is active
[]|\T1/cmss/m/it/10.95 (-20) 31/46 
 []

[31]


Overfull \hbox (4.89603pt too wide) has occurred while \output is active
[]|\T1/cmss/m/it/10.95 (-20) 32/46 
 []

[32]


Overfull \hbox (4.89603pt too wide) has occurred while \output is active
[]|\T1/cmss/m/it/10.95 (-20) 33/46 
 []

[33]


Overfull \hbox (4.89603pt too wide) has occurred while \output is active
[]|\T1/cmss/m/it/10.95 (-20) 34/46 
 []

[34]


Overfull \hbox (4.89603pt too wide) has occurred while \output is active
[]|\T1/cmss/m/it/10.95 (-20) 35/46 
 []

[35]


Overfull \hbox (4.89603pt too wide) has occurred while \output is active
[]|\T1/cmss/m/it/10.95 (-20) 36/46 
 []

[36]


Overfull \hbox (4.89603pt too wide) has occurred while \output is active
[]|\T1/cmss/m/it/10.95 (-20) 37/46 
 []

[37]


Overfull \hbox (4.89603pt too wide) has occurred while \output is active
[]|\T1/cmss/m/it/10.95 (-20) 38/46 
 []

[38]


Overfull \hbox (4.89603pt too wide) has occurred while \output is active
[]|\T1/cmss/m/it/10.95 (-20) 39/46 
 []

[39]


Overfull \hbox (4.89603pt too wide) has occurred while \output is active
[]|\T1/cmss/m/it/10.95 (-20) 40/46 
 []

[40]


Overfull \hbox (4.89603pt too wide) has occurred while \output is active
[]|\T1/cmss/m/it/10.95 (-20) 41/46 
 []

[41]


Overfull \hbox (4.89603pt too wide) has occurred while \output is active
[]|\T1/cmss/m/it/10.95 (-20) 42/46 
 []

[42]


Overfull \hbox (4.89603pt too wide) has occurred while \output is active
[]|\T1/cmss/m/it/10.95 (-20) 43/46 
 []

[43]


Overfull \hbox (4.89603pt too wide) has occurred while \output is active
[]|\T1/cmss/m/it/10.95 (-20) 44/46 
 []

[44]


Overfull \hbox (4.89603pt too wide) has occurred while \output is active
[]|\T1/cmss/m/it/10.95 (-20) 45/46 
 []

[45] (./CV.aux)
 ***********
LaTeX2e <2024-11-01> patch level 2
L3 programming layer <2025-01-18>
 ***********

LaTeX Font Warning: Size substitutions with differences
(Font)              up to 2.17pt have occurred.


LaTeX Warning: Label(s) may have changed. Rerun to get cross-references right.


Package rerunfilecheck Warning: File `CV.out' has changed.
(rerunfilecheck)                Rerun to get outlines right
(rerunfilecheck)                or use package `bookmark'.

Package rerunfilecheck Info: Checksums for `CV.out':
(rerunfilecheck)             Before: 929BA8C68C4B23BA8D2403F136D8FABD;7871
(rerunfilecheck)             After:  53A04C25DEFBA8E2DCBA2C31F8D16DA5;7871.
 )
(\end occurred inside a group at level 1)

### simple group (level 1) entered at line 136 ({)
### bottom level 
Here is how much of TeX's memory you used:
 28676 strings out of 473197
 541152 string characters out of 5718604
 974061 words of memory out of 5000000
 51026 multiletter control sequences out of 15000+600000
 597117 words of font info for 239 fonts, out of 8000000 for 9000
 1141 hyphenation exceptions out of 8191
 129i,18n,129p,999b,710s stack positions out of 10000i,1000n,20000p,200000b,200000s
</usr/share/texlive/texmf-dist/fonts/type1/public/fontawesome5/
FontAwesome5Brands-Regular.pfb></usr/share/texlive/texmf-dist/fonts/type1/publi
c/fontawesome5/FontAwesome5Free-Regular.pfb></usr/share/texmf/fonts/type1/publi
c/cm-super/sfcc1000.pfb></usr/share/texmf/fonts/type1/public/cm-super/sfsi1000.
pfb></usr/share/texmf/fonts/type1/public/cm-super/sfsi1095.pfb></usr/share/texm
f/fonts/type1/public/cm-super/sfsi1728.pfb></usr/share/texmf/fonts/type1/public
/cm-super/sfsl1095.pfb></usr/share/texmf/fonts/type1/public/cm-super/sfso1000.p
fb></usr/share/texmf/fonts/type1/public/cm-super/sfss0800.pfb></usr/share/texmf
/fonts/type1/public/cm-super/sfss1000.pfb></usr/share/texmf/fonts/type1/public/
cm-super/sfss1200.pfb></usr/share/texmf/fonts/type1/public/cm-super/sfss3583.pf
b></usr/share/texmf/fonts/type1/public/cm-super/sfsx1000.pfb></usr/share/texmf/
fonts/type1/public/cm-super/sfsx1200.pfb></usr/share/texmf/fonts/type1/public/c
m-super/sfsx1440.pfb></usr/share/texmf/fonts/type1/public/cm-super/sftt1000.pfb
></usr/share/texmf/fonts/type1/fkr/tipa/tipass10.pfb>
Output written on CV.pdf (45 pages, 459223 bytes).
PDF statistics:
 1253 PDF objects out of 1440 (max. 8388607)
 1154 compressed objects within 12 object streams
 92 named destinations out of 1000 (max. 500000)
 56189 words of extra memory for PDF output out of 61914 (max. 10000000)

