This is pdfTeX, Version 3.141592653-2.6-1.40.26 (TeX Live 2025/dev/Debian) (preloaded format=pdflatex 2025.4.21)  5 MAY 2025 20:55
entering extended mode
 restricted \write18 enabled.
 %&-line parsing enabled.
**cv_converted.tex
(./cv_converted.tex
LaTeX2e <2024-06-01> patch level 2
L3 programming layer <2024-05-27>
(/usr/share/texlive/texmf-dist/tex/latex/base/article.cls
Document Class: article 2024/02/08 v1.4n Standard LaTeX document class
(/usr/share/texlive/texmf-dist/tex/latex/base/size12.clo
File: size12.clo 2024/02/08 v1.4n Standard LaTeX file (size option)
)
\c@part=\count194
\c@section=\count195
\c@subsection=\count196
\c@subsubsection=\count197
\c@paragraph=\count198
\c@subparagraph=\count199
\c@figure=\count266
\c@table=\count267
\abovecaptionskip=\skip49
\belowcaptionskip=\skip50
\bibindent=\dimen141
)
(/usr/share/texlive/texmf-dist/tex/latex/geometry/geometry.sty
Package: geometry 2020/01/02 v5.9 Page Geometry

(/usr/share/texlive/texmf-dist/tex/latex/graphics/keyval.sty
Package: keyval 2022/05/29 v1.15 key=value parser (DPC)
\KV@toks@=\toks17
)
(/usr/share/texlive/texmf-dist/tex/generic/iftex/ifvtex.sty
Package: ifvtex 2019/10/25 v1.7 ifvtex legacy package. Use iftex instead.

(/usr/share/texlive/texmf-dist/tex/generic/iftex/iftex.sty
Package: iftex 2022/02/03 v1.0f TeX engine tests
))
\Gm@cnth=\count268
\Gm@cntv=\count269
\c@Gm@tempcnt=\count270
\Gm@bindingoffset=\dimen142
\Gm@wd@mp=\dimen143
\Gm@odd@mp=\dimen144
\Gm@even@mp=\dimen145
\Gm@layoutwidth=\dimen146
\Gm@layoutheight=\dimen147
\Gm@layouthoffset=\dimen148
\Gm@layoutvoffset=\dimen149
\Gm@dimlist=\toks18
)
(/usr/share/texlive/texmf-dist/tex/latex/hyperref/hyperref.sty
Package: hyperref 2024-05-23 v7.01i Hypertext links for LaTeX

(/usr/share/texlive/texmf-dist/tex/latex/kvsetkeys/kvsetkeys.sty
Package: kvsetkeys 2022-10-05 v1.19 Key value parser (HO)
)
(/usr/share/texlive/texmf-dist/tex/generic/kvdefinekeys/kvdefinekeys.sty
Package: kvdefinekeys 2019-12-19 v1.6 Define keys (HO)
)
(/usr/share/texlive/texmf-dist/tex/generic/pdfescape/pdfescape.sty
Package: pdfescape 2019/12/09 v1.15 Implements pdfTeX's escape features (HO)

(/usr/share/texlive/texmf-dist/tex/generic/ltxcmds/ltxcmds.sty
Package: ltxcmds 2023-12-04 v1.26 LaTeX kernel commands for general use (HO)
)
(/usr/share/texlive/texmf-dist/tex/generic/pdftexcmds/pdftexcmds.sty
Package: pdftexcmds 2020-06-27 v0.33 Utility functions of pdfTeX for LuaTeX (HO
)

(/usr/share/texlive/texmf-dist/tex/generic/infwarerr/infwarerr.sty
Package: infwarerr 2019/12/03 v1.5 Providing info/warning/error messages (HO)
)
Package pdftexcmds Info: \pdf@primitive is available.
Package pdftexcmds Info: \pdf@ifprimitive is available.
Package pdftexcmds Info: \pdfdraftmode found.
))
(/usr/share/texlive/texmf-dist/tex/latex/hycolor/hycolor.sty
Package: hycolor 2020-01-27 v1.10 Color options for hyperref/bookmark (HO)
)
(/usr/share/texlive/texmf-dist/tex/latex/hyperref/nameref.sty
Package: nameref 2023-11-26 v2.56 Cross-referencing by name of section

(/usr/share/texlive/texmf-dist/tex/latex/refcount/refcount.sty
Package: refcount 2019/12/15 v3.6 Data extraction from label references (HO)
)
(/usr/share/texlive/texmf-dist/tex/generic/gettitlestring/gettitlestring.sty
Package: gettitlestring 2019/12/15 v1.6 Cleanup title references (HO)

(/usr/share/texlive/texmf-dist/tex/latex/kvoptions/kvoptions.sty
Package: kvoptions 2022-06-15 v3.15 Key value format for package options (HO)
))
\c@section@level=\count271
)
(/usr/share/texlive/texmf-dist/tex/latex/etoolbox/etoolbox.sty
Package: etoolbox 2020/10/05 v2.5k e-TeX tools for LaTeX (JAW)
\etb@tempcnta=\count272
)
(/usr/share/texlive/texmf-dist/tex/generic/stringenc/stringenc.sty
Package: stringenc 2019/11/29 v1.12 Convert strings between diff. encodings (HO
)
)
\@linkdim=\dimen150
\Hy@linkcounter=\count273
\Hy@pagecounter=\count274

(/usr/share/texlive/texmf-dist/tex/latex/hyperref/pd1enc.def
File: pd1enc.def 2024-05-23 v7.01i Hyperref: PDFDocEncoding definition (HO)
Now handling font encoding PD1 ...
... no UTF-8 mapping file for font encoding PD1
)
(/usr/share/texlive/texmf-dist/tex/generic/intcalc/intcalc.sty
Package: intcalc 2019/12/15 v1.3 Expandable calculations with integers (HO)
)
\Hy@SavedSpaceFactor=\count275

(/usr/share/texlive/texmf-dist/tex/latex/hyperref/puenc.def
File: puenc.def 2024-05-23 v7.01i Hyperref: PDF Unicode definition (HO)
Now handling font encoding PU ...
... no UTF-8 mapping file for font encoding PU
)
Package hyperref Info: Hyper figures OFF on input line 4157.
Package hyperref Info: Link nesting OFF on input line 4162.
Package hyperref Info: Hyper index ON on input line 4165.
Package hyperref Info: Plain pages OFF on input line 4172.
Package hyperref Info: Backreferencing OFF on input line 4177.
Package hyperref Info: Implicit mode ON; LaTeX internals redefined.
Package hyperref Info: Bookmarks ON on input line 4424.
\c@Hy@tempcnt=\count276

(/usr/share/texlive/texmf-dist/tex/latex/url/url.sty
\Urlmuskip=\muskip17
Package: url 2013/09/16  ver 3.4  Verb mode for urls, etc.
)
LaTeX Info: Redefining \url on input line 4763.
\XeTeXLinkMargin=\dimen151

(/usr/share/texlive/texmf-dist/tex/generic/bitset/bitset.sty
Package: bitset 2019/12/09 v1.3 Handle bit-vector datatype (HO)

(/usr/share/texlive/texmf-dist/tex/generic/bigintcalc/bigintcalc.sty
Package: bigintcalc 2019/12/15 v1.5 Expandable calculations on big integers (HO
)
))
\Fld@menulength=\count277
\Field@Width=\dimen152
\Fld@charsize=\dimen153
Package hyperref Info: Hyper figures OFF on input line 6042.
Package hyperref Info: Link nesting OFF on input line 6047.
Package hyperref Info: Hyper index ON on input line 6050.
Package hyperref Info: backreferencing OFF on input line 6057.
Package hyperref Info: Link coloring OFF on input line 6062.
Package hyperref Info: Link coloring with OCG OFF on input line 6067.
Package hyperref Info: PDF/A mode OFF on input line 6072.

(/usr/share/texlive/texmf-dist/tex/latex/base/atbegshi-ltx.sty
Package: atbegshi-ltx 2021/01/10 v1.0c Emulation of the original atbegshi
package with kernel methods
)
\Hy@abspage=\count278
\c@Item=\count279
\c@Hfootnote=\count280
)
Package hyperref Info: Driver (autodetected): hpdftex.

(/usr/share/texlive/texmf-dist/tex/latex/hyperref/hpdftex.def
File: hpdftex.def 2024-05-23 v7.01i Hyperref driver for pdfTeX

(/usr/share/texlive/texmf-dist/tex/latex/base/atveryend-ltx.sty
Package: atveryend-ltx 2020/08/19 v1.0a Emulation of the original atveryend pac
kage
with kernel methods
)
\Fld@listcount=\count281
\c@bookmark@seq@number=\count282

(/usr/share/texlive/texmf-dist/tex/latex/rerunfilecheck/rerunfilecheck.sty
Package: rerunfilecheck 2022-07-10 v1.10 Rerun checks for auxiliary files (HO)

(/usr/share/texlive/texmf-dist/tex/generic/uniquecounter/uniquecounter.sty
Package: uniquecounter 2019/12/15 v1.4 Provide unlimited unique counter (HO)
)
Package uniquecounter Info: New unique counter `rerunfilecheck' on input line 2
85.
)
\Hy@SectionHShift=\skip51
)
(/usr/share/texlive/texmf-dist/tex/latex/needspace/needspace.sty
Package: needspace 2010/09/12 v1.3d reserve vertical space
)
(/usr/share/texlive/texmf-dist/tex/latex/enumitem/enumitem.sty
Package: enumitem 2019/06/20 v3.9 Customized lists
\labelindent=\skip52
\enit@outerparindent=\dimen154
\enit@toks=\toks19
\enit@inbox=\box52
\enit@count@id=\count283
\enitdp@description=\count284
)
(/usr/share/texlive/texmf-dist/tex/latex/base/fontenc.sty
Package: fontenc 2021/04/29 v2.0v Standard LaTeX package
)
(/usr/share/texlive/texmf-dist/tex/latex/psnfss/helvet.sty
Package: helvet 2020/03/25 PSNFSS-v9.3 (WaS) 
)
Package hyperref Info: Option `colorlinks' set `true' on input line 15.
Package hyperref Info: Option `breaklinks' set `true' on input line 15.
LaTeX Font Info:    Trying to load font information for T1+phv on input line 34
.

(/usr/share/texlive/texmf-dist/tex/latex/psnfss/t1phv.fd
File: t1phv.fd 2020/03/25 scalable font definitions for T1/phv.
)
(/usr/share/texlive/texmf-dist/tex/latex/l3backend/l3backend-pdftex.def
File: l3backend-pdftex.def 2024-05-08 L3 backend support: PDF output (pdfTeX)
\l__color_backend_stack_int=\count285
\l__pdf_internal_box=\box53
)
(./cv_converted.aux)
\openout1 = `cv_converted.aux'.

LaTeX Font Info:    Checking defaults for OML/cmm/m/it on input line 34.
LaTeX Font Info:    ... okay on input line 34.
LaTeX Font Info:    Checking defaults for OMS/cmsy/m/n on input line 34.
LaTeX Font Info:    ... okay on input line 34.
LaTeX Font Info:    Checking defaults for OT1/cmr/m/n on input line 34.
LaTeX Font Info:    ... okay on input line 34.
LaTeX Font Info:    Checking defaults for T1/cmr/m/n on input line 34.
LaTeX Font Info:    ... okay on input line 34.
LaTeX Font Info:    Checking defaults for TS1/cmr/m/n on input line 34.
LaTeX Font Info:    ... okay on input line 34.
LaTeX Font Info:    Checking defaults for OMX/cmex/m/n on input line 34.
LaTeX Font Info:    ... okay on input line 34.
LaTeX Font Info:    Checking defaults for U/cmr/m/n on input line 34.
LaTeX Font Info:    ... okay on input line 34.
LaTeX Font Info:    Checking defaults for PD1/pdf/m/n on input line 34.
LaTeX Font Info:    ... okay on input line 34.
LaTeX Font Info:    Checking defaults for PU/pdf/m/n on input line 34.
LaTeX Font Info:    ... okay on input line 34.

*geometry* driver: auto-detecting
*geometry* detected driver: pdftex
*geometry* verbose mode - [ preamble ] result:
* driver: pdftex
* paper: <default>
* layout: <same size as paper>
* layoutoffset:(h,v)=(0.0pt,0.0pt)
* modes: 
* h-part:(L,W,R)=(72.26999pt, 469.75502pt, 72.26999pt)
* v-part:(T,H,B)=(72.26999pt, 650.43001pt, 72.26999pt)
* \paperwidth=614.295pt
* \paperheight=794.96999pt
* \textwidth=469.75502pt
* \textheight=650.43001pt
* \oddsidemargin=0.0pt
* \evensidemargin=0.0pt
* \topmargin=-37.0pt
* \headheight=12.0pt
* \headsep=25.0pt
* \topskip=12.0pt
* \footskip=30.0pt
* \marginparwidth=44.0pt
* \marginparsep=10.0pt
* \columnsep=10.0pt
* \skip\footins=10.8pt plus 4.0pt minus 2.0pt
* \hoffset=0.0pt
* \voffset=0.0pt
* \mag=1000
* \@twocolumnfalse
* \@twosidefalse
* \@mparswitchfalse
* \@reversemarginfalse
* (1in=72.27pt=25.4mm, 1cm=28.453pt)

(/usr/share/texlive/texmf-dist/tex/latex/graphics/color.sty
Package: color 2024/01/14 v1.3d Standard LaTeX Color (DPC)

(/usr/share/texlive/texmf-dist/tex/latex/graphics-cfg/color.cfg
File: color.cfg 2016/01/02 v1.6 sample color configuration
)
Package color Info: Driver file: pdftex.def on input line 149.

(/usr/share/texlive/texmf-dist/tex/latex/graphics-def/pdftex.def
File: pdftex.def 2024/04/13 v1.2c Graphics/color driver for pdftex

(/usr/share/texlive/texmf-dist/tex/context/base/mkii/supp-pdf.mkii
[Loading MPS to PDF converter (version 2006.09.02).]
\scratchcounter=\count286
\scratchdimen=\dimen155
\scratchbox=\box54
\nofMPsegments=\count287
\nofMParguments=\count288
\everyMPshowfont=\toks20
\MPscratchCnt=\count289
\MPscratchDim=\dimen156
\MPnumerator=\count290
\makeMPintoPDFobject=\count291
\everyMPtoPDFconversion=\toks21
)) (/usr/share/texlive/texmf-dist/tex/latex/graphics/mathcolor.ltx))
Package hyperref Info: Link coloring ON on input line 34.

(./cv_converted.out) (./cv_converted.out)
\@outlinefile=\write3
\openout3 = `cv_converted.out'.

LaTeX Font Info:    External font `cmex10' loaded for size
(Font)              <14.4> on input line 36.
LaTeX Font Info:    External font `cmex10' loaded for size
(Font)              <7> on input line 36.
LaTeX Font Info:    Trying to load font information for TS1+phv on input line 4
8.

(/usr/share/texlive/texmf-dist/tex/latex/psnfss/ts1phv.fd
File: ts1phv.fd 2020/03/25 scalable font definitions for TS1/phv.
)
LaTeX Font Info:    Trying to load font information for T1+cmtt on input line 5
0.

(/usr/share/texlive/texmf-dist/tex/latex/base/t1cmtt.fd
File: t1cmtt.fd 2023/04/13 v2.5m Standard LaTeX font definitions
)
LaTeX Font Info:    External font `cmex10' loaded for size
(Font)              <12> on input line 50.
LaTeX Font Info:    External font `cmex10' loaded for size
(Font)              <8> on input line 50.
LaTeX Font Info:    External font `cmex10' loaded for size
(Font)              <6> on input line 50.
LaTeX Font Info:    Font shape `T1/phv/m/it' in size <12> not available
(Font)              Font shape `T1/phv/m/sl' tried instead on input line 64.


[1

{/var/lib/texmf/fonts/map/pdftex/updmap/pdftex.map}{/usr/share/texlive/texmf-di
st/fonts/enc/dvips/base/8r.enc}{/usr/share/texmf/fonts/enc/dvips/cm-super/cm-su
per-t1.enc}]

[2]
Overfull \hbox (2.24695pt too wide) in paragraph at lines 146--147
\T1/phv/m/n/12 are sup-ported by SSHRC and in-ter-na-tional part-ners in-clud-i
ng CERN, DARIAH, and CARL.
 []



[3]
Overfull \hbox (20.05553pt too wide) in paragraph at lines 149--151
\T1/phv/b/n/12 In-fras-truc-ture \T1/phv/m/sl/12 (2022^^Upresent; SSHRC In-sigh
t Grant 2025^^U2029, PI, $300,000; SSHRC
 []


Overfull \hbox (8.0421pt too wide) in paragraph at lines 155--157
[]\T1/phv/b/n/12 Lethbridge Jour-nal In-cu-ba-tor \T1/phv/m/sl/12 (2012^^U2024;
 SSHRC Aid to Schol-arly Jour-nals Grant,
 []



[4]
Overfull \hbox (0.64474pt too wide) in paragraph at lines 172--173
[]\T1/phv/m/n/12 SSHRC In-sight Grant,\T1/phv/m/sl/12 Canterbury Tales Project\
T1/phv/m/n/12 , 2021^^U2026, Co-applicant, $340,000 
 []


Overfull \hbox (28.41753pt too wide) in paragraph at lines 174--175
[]\T1/phv/m/n/12 SSHRC Aid to Schol-arly Jour-nals (651-2021-0150),\T1/phv/m/sl
/12 Digital Stud-ies / Le champ numérique\T1/phv/m/n/12 ,
 []


Overfull \hbox (28.41753pt too wide) in paragraph at lines 175--176
[]\T1/phv/m/n/12 SSHRC Aid to Schol-arly Jour-nals (651-2018-0062),\T1/phv/m/sl
/12 Digital Stud-ies / Le champ numérique\T1/phv/m/n/12 ,
 []


Overfull \hbox (9.37384pt too wide) in paragraph at lines 177--178
[]\T1/phv/m/n/12 Sloan Foun-da-tion (G-2020-13999),\T1/phv/m/sl/12 Developing O
pen Sci-ence dur-ing the COVID emer-
 []


Overfull \hbox (10.17105pt too wide) in paragraph at lines 178--179
\T1/phv/m/sl/12 form-ing Schol-arly Com-mu-ni-ca-tion through Col-lec-tive Ac-t
ion\T1/phv/m/n/12 , 2017^^U2019, PI, $200,000 
 []


Overfull \hbox (1.88542pt too wide) in paragraph at lines 180--181
[]\T1/phv/m/n/12 SSHRC In-sight Grant (435-2015-1119),\T1/phv/m/sl/12 What Goes
 Around: Edit-ing the Anglo-Saxon
 []


Overfull \hbox (28.41753pt too wide) in paragraph at lines 182--183
[]\T1/phv/m/n/12 SSHRC Aid to Schol-arly Jour-nals (651-2014-0138),\T1/phv/m/sl
/12 Digital Stud-ies / Le champ numérique\T1/phv/m/n/12 ,
 []


Overfull \hbox (17.27757pt too wide) in paragraph at lines 186--187
[]\T1/phv/m/n/12 Gordon and Betty Moore Foun-da-tion (Force11), 2014^^U2015, Co
-applicant, US$150,000 
 []



[5]
Overfull \hbox (19.29077pt too wide) in paragraph at lines 189--190
\T1/phv/m/sl/12 at-ing a Ben-e-fit of Mem-ber-ship to Sup-port Stan-dards De-ve
l-op-ment\T1/phv/m/n/12 , 2008, PI, US$30,723 
 []


Overfull \hbox (12.4997pt too wide) in paragraph at lines 212--213
[]\T1/phv/m/n/12 Mellon Fel-low-ship in the Hu-man-i-ties (Dis-ser-ta-tion Fel-
low-ship), 1993^^U1994, US$11,000 
 []


Overfull \hbox (6.51273pt too wide) in paragraph at lines 224--225
\T1/phv/b/n/12 Summary\T1/phv/m/n/12 : O'Donnell's pub-li-ca-tions in-clude sch
ol-arly edi-tions, mono-graphs, peer-reviewed
 []



[6]
Overfull \hbox (3.94012pt too wide) in paragraph at lines 239--240
[]\T1/phv/b/n/12 Reviews\T1/phv/m/n/12 : \T1/phv/m/sl/12 e-data&research \T1/ph
v/m/n/12 1 (2006): 1;\T1/phv/m/sl/12 Medium Ae-vum \T1/phv/m/n/12 75 (2006): 35
6^^U357;\T1/phv/m/sl/12 Old
 []


Overfull \hbox (46.45592pt too wide) in paragraph at lines 239--240
\T1/phv/m/sl/12 cle-si-as-ti-cal His-tory \T1/phv/m/n/12 58 (2007): 120^^U121;\
T1/phv/m/sl/12 Early Me-dieval Eu-rope \T1/phv/m/n/12 15 (2007): 466^^U469;\T1/
phv/m/sl/12 Tex-
 []


Overfull \hbox (6.82887pt too wide) in paragraph at lines 247--248
\T1/phv/m/n/12 A Pre-lim-i-nary Study of the Im-pact of AI on Com-monly Used Wr
it-ing Tools.\T1/phv/m/sl/12 International
 []


Overfull \hbox (1.22809pt too wide) in paragraph at lines 247--248
\T1/phv/m/sl/12 Jour-nal of Ed-u-ca-tional Tech-nol-ogy in Higher Ed-u-ca-tion\
T1/phv/m/n/12 . [][]$\T1/cmtt/m/n/12 https : / / doi . org / 10 . 1186 /
 []



[7]
Overfull \hbox (21.52678pt too wide) in paragraph at lines 252--253
[]\T1/phv/m/n/12 Esau, Paul\OMS/cmsy/m/n/12 ^^B\T1/phv/m/n/12 , Carey Viejou\OM
S/cmsy/m/n/12 ^^B\T1/phv/m/n/12 , Sylvia Chow\OMS/cmsy/m/n/12 ^^B\T1/phv/m/n/12
 , Kim-berly Dohms\OMS/cmsy/m/n/12 ^^B\T1/phv/m/n/12 , Steve Firth\OMS/cmsy/m/n
/12 ^^B\T1/phv/m/n/12 , Jar-ret McKinnon\OMS/cmsy/m/n/12 ^^B
 []


Overfull \hbox (11.25644pt too wide) in paragraph at lines 255--256
[]\T1/phv/m/n/12 Tennant, Jonathan P., Jonathan M. Dugan, Daniel Jacques Damien
 Grazi-otin, François
 []


Overfull \hbox (50.53479pt too wide) in paragraph at lines 255--256
\T1/phv/m/n/12 Disciplinary Per-spec-tive on Emer-gent and Fu-ture In-no-va-tio
ns in Peer Re-view.^^Q\T1/phv/m/sl/12 F1000Research
 []


Overfull \hbox (7.35632pt too wide) in paragraph at lines 259--260
\T1/phv/m/n/12 Gra-ham, Wendy Os-born, Roberto Rosselli Del Turco, Robert Broat
ch, Su-san Broatch,
 []



[8]
Overfull \hbox (37.64919pt too wide) in paragraph at lines 267--268
\T1/phv/m/n/12 form Dig-i-tal Edi-tion.^^Q\T1/phv/m/sl/12 Literature Com-pass \
T1/phv/m/n/12 7 (2). [][]$\T1/cmtt/m/n/12 http : / / dx . doi . org / 10 . 1111
 / j . 1741-[]4113 .
 []


Overfull \hbox (6.75153pt too wide) in paragraph at lines 270--271
\T1/phv/m/n/12 In\T1/phv/m/sl/12 Working with Anglo-Saxon Manuscripts\T1/phv/m/
n/12 , edited by Gale R. Owen-Crocker, 253^^U284.
 []



[9]
Overfull \hbox (23.0688pt too wide) in paragraph at lines 279--280
[]\T1/phv/m/n/12 O'Donnell, Daniel Paul. 2004. ^^PBede's Strat-egy in Para-phra
s-ing Cæd-mon's Hymn.^^Q\T1/phv/m/sl/12 JEGP
 []


Overfull \hbox (39.38844pt too wide) in paragraph at lines 283--284
[]\T1/phv/m/n/12 O'Donnell, Daniel Paul. 2002. ^^PJu-nius's Knowl-edge of the O
ld En-glish Poem\T1/phv/m/sl/12 Durham\T1/phv/m/n/12 .^^Q\T1/phv/m/sl/12 Anglo-

 []


Overfull \hbox (3.67705pt too wide) in paragraph at lines 285--286
\T1/phv/m/n/12 In\T1/phv/m/sl/12 Germanic Texts and Latin Mod-els: Me-dieval Re
-con-struc-tions\T1/phv/m/n/12 , edited by K.E. Olsen,
 []



[10]
Overfull \hbox (12.71677pt too wide) in paragraph at lines 288--289
\T1/phv/m/n/12 Iden-ti-fi-ca-tion, Edi-tion, and Fil-i-a-tion.^^Q In\T1/phv/m/s
l/12 Beda Ven-er-a-bilis: His-to-rian, Monk and Northum-
 []


Overfull \hbox (416.72401pt too wide) in paragraph at lines 297--298
\T1/cmtt/m/n/12 impactofsocialsciences / 2021 / 03 / 31 / reading-[]peer-[]revi
ew-[]what-[]a-[]dataset-[]of-[]peer-[]review-[]reports-[]can-[]teach-[]us-[]abo
ut-[]changing-[]research-[]culture/$[][]\T1/phv/m/n/12 . 
 []


Overfull \hbox (1.89944pt too wide) in paragraph at lines 298--299
\T1/phv/m/n/12 search Com-mu-ni-ca-tion.^^Q\T1/phv/m/sl/12 OSF Preprints\T1/phv
/m/n/12 . [][]$\T1/cmtt/m/n/12 https : / / doi . org / 10 . 17605 / OSF . IO / 
6C2XT$[][]\T1/phv/m/n/12 . 
 []


Overfull \hbox (59.67256pt too wide) in paragraph at lines 299--300
\T1/cmtt/m/n/12 articles / Excellence _ R _ Us _ University _ Research _ and _ 
the _ Fetishisation _ of _ Excellence /
 []


Overfull \hbox (18.36566pt too wide) in paragraph at lines 305--306
[]\T1/phv/m/n/12 Matthews, David. 2016. ^^PFo-cus on Re-search `Ex-cel-lence' I
s `Dam-ag-ing Sci-ence.'^^Q\T1/phv/m/sl/12 Times
 []


Overfull \hbox (43.20364pt too wide) in paragraph at lines 307--309
\T1/phv/m/n/12 https://www.timeshighereducation.com/news/focus-on-research-exce
llence-is-damaging-science. 
 []


Overfull \hbox (73.57115pt too wide) in paragraph at lines 311--312
\T1/phv/m/n/12 Choice, July. [][]$\T1/cmtt/m/n/12 http : / / digitalhumanitiesn
ow . org / 2014 / 07 / editors-[]choice-[]the-[]credit-[]line/$[][]\T1/phv/m/n/
12 . 
 []



[11]
Overfull \hbox (736.6335pt too wide) in paragraph at lines 312--313
\T1/phv/m/n/12 tors' Choice, Septem-ber. [][]$\T1/cmtt/m/n/12 http : / / digita
lhumanitiesnow . org / 2012 / 09 / editors-[]choice-[]theres-[]no-[]next-[]abou
t-[]it-[]stanley-[]fish-[]william-[]pannapacker-[]and-[]the-[]digital-[]humanit
ies-[]as-[]paradiscipline-[]dpod-[]blog/$[][]\T1/phv/m/n/12 . 
 []



[12]
Overfull \hbox (19.55872pt too wide) in paragraph at lines 344--345
\T1/phv/b/n/12 Summary\T1/phv/m/n/12 : Through pub-lic jour-nal-ism, pod-cast i
n-ter-views, and me-dia com-men-tary, O'Donnell
 []


Overfull \hbox (6.25409pt too wide) in paragraph at lines 350--351
[]\T1/phv/m/n/12 Eve, Mar-tin Paul, Daniel Paul O'Donnell, Robert Gadie\OMS/cms
y/m/n/12 ^^B\T1/phv/m/n/12 , Vic-to-ria Odeniyi\OMS/cmsy/m/n/12 ^^B\T1/phv/m/n/
12 , and Shahina
 []


Overfull \hbox (228.73851pt too wide) in paragraph at lines 351--352
\T1/phv/m/n/12 O'Donnell, Cur-rent Pres-i-dent of FORCE11.^^Q\T1/phv/m/sl/12 Th
e Se-ri-als Li-brar-ian \T1/phv/m/n/12 76.1^^U2: 1^^U3. https://doi.org/10.1080
/0361526X.2019.1643437
 []


Overfull \hbox (278.21745pt too wide) in paragraph at lines 353--354
[]\T1/phv/m/n/12 Also trans-lated into Span-ish: [][]$\T1/cmtt/m/n/12 http : / 
/ 4humanities . org / 2013 / 06 / diversidad-[]y-[]experiencia-[]una-[]entrevis
ta-[]con-[]daniel-[]odonnell/$[][] 
 []


Overfull \hbox (41.15182pt too wide) in paragraph at lines 361--362
[]\T1/phv/m/n/12 O'Donnell, Daniel Paul. 2024. ^^PCom-mu-ni-ca-tion and Lead-er
-ship a Mat-ter of Trust.^^Q\T1/phv/m/sl/12 Lethbridge
 []


Overfull \hbox (3.23212pt too wide) in paragraph at lines 362--363
[]\T1/phv/m/n/12 O'Donnell, Daniel Paul. 2024. ^^PA Tale of Two Ed-mon-tons See
n at Awards.^^Q\T1/phv/m/sl/12 Lethbridge
 []


Overfull \hbox (25.49187pt too wide) in paragraph at lines 363--364
[]\T1/phv/m/n/12 O'Donnell, Daniel Paul. 2024. ^^PHas the Uni-ver-sity of Leth-
bridge Lost Its Soul?^^Q\T1/phv/m/sl/12 Lethbridge
 []


Overfull \hbox (9.35306pt too wide) in paragraph at lines 363--364
\T1/phv/m/sl/12 Her-ald\T1/phv/m/n/12 , Septem-ber 6. [][]$\T1/cmtt/m/n/12 http
s : / / lethbridgeherald . com / commentary / opinions / 2024 /
 []


Overfull \hbox (53.96611pt too wide) in paragraph at lines 364--365
[]\T1/phv/m/n/12 O'Donnell, Daniel Paul. 2023. ^^PRe-flec-tions on the U of L a
 Year af-ter Strike/Lockout.^^Q\T1/phv/m/sl/12 Lethbridge
 []



[13]
Overfull \hbox (28.168pt too wide) in paragraph at lines 366--367
[]\T1/phv/m/n/12 O'Donnell, Daniel Paul. 2022. ^^PMaybe We Need to Start Demon-
strat-ing Again.^^Q\T1/phv/m/sl/12 Lethbridge
 []


Overfull \hbox (1.82292pt too wide) in paragraph at lines 367--368
\T1/phv/m/n/12 L.^^Q\T1/phv/m/sl/12 Lethbridge Her-ald\T1/phv/m/n/12 , Septem-b
er 10. [][]$\T1/cmtt/m/n/12 https : / / lethbridgeherald . com / commentary /
 []


Overfull \hbox (9.61113pt too wide) in paragraph at lines 367--368
\T1/cmtt/m/n/12 opinions / 2021 / 09 / 10 / there-[]is-[]still-[]time-[]to-[]tu
rn-[]things-[]around-[]at-[]u-[]of-[]l/$[][] 
 []


Overfull \hbox (32.8051pt too wide) in paragraph at lines 368--369
\T1/cmtt/m/n/12 opinion / customized-[]pronouns-[]a-[]good-[]idea-[]that-[]make
s-[]no-[]sense / article32373933/$[][] 
 []


Overfull \hbox (164.81897pt too wide) in paragraph at lines 369--370
\T1/phv/m/n/12 Febru-ary 18. [][]$\T1/cmtt/m/n/12 http : / / www . lethbridgehe
rald . com / public-[]professor / why-[]isnt-[]the-[]internet-[]obsolete-[]2181
2 .
 []


Overfull \hbox (284.15334pt too wide) in paragraph at lines 381--382
\T1/phv/m/n/12 Episode 63, March 17. [][]$\T1/cmtt/m/n/12 https : / / www . for
gottencornerpod . com / episodes / episode-[]63-[]ulfa-[]on-[]strike-[]with-[]p
resident-[]dan-[]odonnell$[][] 
 []


Overfull \hbox (239.64276pt too wide) in paragraph at lines 383--384
\T1/phv/m/n/12 Fund-ing.^^Q July 29. [][]$\T1/cmtt/m/n/12 http : / / www . ulet
h . ca / unews / article / u-[]l-[]researchers-[]benefit-[]canada-[]foundation-
[]innovation-[]funding$[][] 
 []


Overfull \hbox (18.36566pt too wide) in paragraph at lines 385--386
[]\T1/phv/m/n/12 Matthews, David. 2016. ^^PFo-cus on Re-search `Ex-cel-lence' I
s `Dam-ag-ing Sci-ence.'^^Q\T1/phv/m/sl/12 Times
 []


Overfull \hbox (4.0025pt too wide) in paragraph at lines 386--387
[]\T1/phv/m/n/12 Cooney, Bob. 2012. ^^PO'Donnell, Gra-ham Bring 3D Imag-ing to 
An-cient Cross.^^Q\T1/phv/m/sl/12 UNews\T1/phv/m/n/12 ,
 []


Overfull \hbox (105.3624pt too wide) in paragraph at lines 386--387
\T1/phv/m/n/12 June 18. [][]$\T1/cmtt/m/n/12 http : / / www . uleth . ca / unew
s / article / odonnell-[]graham-[]bring-[]3d-[]imaging-[]ancient-[]cross$[][] 
 []



[14]

[15]

[16]

[17]

[18]
Overfull \hbox (4.58643pt too wide) in paragraph at lines 485--486
\T1/phv/m/n/12 Turco. 2022. ^^PSmall Data Man-age-ment in Hu-man-i-ties and Cul
-tural Her-itage Projects.^^Q
 []



[19]

[20]

[21]

[22]
Overfull \hbox (11.55952pt too wide) in paragraph at lines 535--536
\T1/phv/m/n/12 Cross Project and the Pub-lic Hu-man-i-ties.^^Q CMRS/ETRUS. Uni-
ver-sity of Saskatchewan.
 []


Overfull \hbox (6.48506pt too wide) in paragraph at lines 536--537
\T1/phv/m/n/12 in the un-der-grad-u-ate class-room.^^Q De-part-ment of En-glish
, Uni-ver-sity of Saskatchewan.
 []



[23]
Overfull \hbox (4.47758pt too wide) in paragraph at lines 558--559
\T1/cmtt/m/n/12 stanford . edu / DMSS$[][] \T1/phv/m/n/12 ([][]$\T1/cmtt/m/n/12
 https : / / lib . stanford . edu / files / ODonnellMellon1Smaller .
 []



[24]

[25]

[26]

[27]
Overfull \hbox (1.05928pt too wide) in paragraph at lines 610--611
[]\T1/phv/m/n/12 O'Donnell, Daniel Paul, Paul Hayes, An-drea Amelinckx, Annabre
e Fair-weather, Terry
 []


Overfull \hbox (2.67918pt too wide) in paragraph at lines 625--626
[]\T1/phv/m/n/12 ^^PBeowulf and its Place in His-tory.^^Q Worker's Ed-u-ca-tion
al As-so-ci-a-tion Week-end School
 []


Overfull \hbox (4.1197pt too wide) in paragraph at lines 632--633
\T1/phv/m/n/12 phy, Daniel Paul O'Donnell. El Pub 2018 Toronto. [][]$\T1/cmtt/m
/n/12 http : / / doi . org / 10 . 5281 / zenodo .
 []



[28]

[29]
Overfull \hbox (10.5145pt too wide) in paragraph at lines 693--694
[]\T1/phv/m/n/12 Angela Mly-narski. Text Sum-ma-tion in Dig-i-tal Li-braries. C
om-puter Sci-ence. 2004^^U2006
 []


Overfull \hbox (3.76997pt too wide) in paragraph at lines 702--703
[]\T1/phv/m/sl/12 Meeting of Minds \T1/phv/m/n/12 Grad-u-ate Stu-dent Jour-nal 
(2015^^U2016). Su-per-vised and in-structed
 []



[30]

[31]

[32] (./cv_converted.aux)
 ***********
LaTeX2e <2024-06-01> patch level 2
L3 programming layer <2024-05-27>
 ***********
Package rerunfilecheck Info: File `cv_converted.out' has not changed.
(rerunfilecheck)             Checksum: D41D8CD98F00B204E9800998ECF8427E;0.
 ) 
Here is how much of TeX's memory you used:
 9430 strings out of 473584
 145295 string characters out of 5730879
 1945905 words of memory out of 5000000
 32151 multiletter control sequences out of 15000+600000
 584720 words of font info for 66 fonts, out of 8000000 for 9000
 1141 hyphenation exceptions out of 8191
 75i,6n,79p,900b,552s stack positions out of 10000i,1000n,20000p,200000b,200000s
</usr/share/texlive/texmf-dist/fonts/type1/public/amsfonts/cm/cmsy10.pfb></us
r/share/texmf/fonts/type1/public/cm-super/sftt1200.pfb></usr/share/texlive/texm
f-dist/fonts/type1/urw/helvetic/uhvb8a.pfb></usr/share/texlive/texmf-dist/fonts
/type1/urw/helvetic/uhvr8a.pfb></usr/share/texlive/texmf-dist/fonts/type1/urw/h
elvetic/uhvro8a.pfb>
Output written on cv_converted.pdf (32 pages, 180621 bytes).
PDF statistics:
 390 PDF objects out of 1000 (max. 8388607)
 342 compressed objects within 4 object streams
 74 named destinations out of 1000 (max. 500000)
 1 words of extra memory for PDF output out of 10000 (max. 10000000)

